SF:lib/core/network/api_client.dart
DA:13,1
DA:15,0
DA:16,0
DA:29,2
DA:31,6
DA:38,2
DA:45,2
DA:47,6
DA:51,2
DA:55,2
DA:58,8
DA:59,2
DA:61,4
DA:62,4
DA:64,2
DA:66,2
DA:67,2
DA:69,1
DA:73,2
DA:74,1
DA:76,5
DA:78,2
DA:79,1
DA:80,1
DA:82,2
DA:83,2
DA:84,1
DA:92,1
DA:93,3
DA:94,3
DA:100,2
DA:101,2
DA:103,10
DA:107,0
DA:108,0
DA:109,0
DA:112,1
DA:114,1
DA:115,4
DA:116,3
DA:118,0
DA:120,0
DA:121,0
DA:122,0
DA:123,0
DA:127,2
DA:136,4
DA:139,2
DA:141,2
DA:142,1
DA:144,3
DA:145,0
DA:149,1
DA:151,1
DA:157,1
DA:162,1
DA:169,0
DA:174,0
DA:181,0
DA:186,0
DA:194,0
DA:197,0
DA:202,0
DA:203,0
DA:204,0
DA:205,0
LF:66
LH:45
end_of_record
SF:lib/app/app_root.dart
DA:58,0
DA:60,0
DA:66,0
DA:68,0
DA:77,0
DA:78,0
DA:82,0
DA:87,0
DA:91,0
DA:96,0
DA:97,0
DA:102,0
DA:106,0
DA:108,0
DA:115,0
DA:116,0
DA:121,0
DA:123,0
DA:137,0
DA:138,0
LF:20
LH:0
end_of_record
SF:lib/core/app/device_dimension.dart
DA:5,0
DA:7,0
DA:9,0
DA:16,0
DA:17,0
DA:19,0
DA:20,0
DA:21,0
DA:24,0
DA:26,0
DA:28,0
DA:30,0
DA:32,0
DA:36,0
DA:38,0
DA:39,0
DA:41,0
DA:42,0
DA:43,0
DA:45,0
DA:46,0
DA:47,0
DA:48,0
DA:50,0
DA:51,0
DA:54,0
DA:55,0
DA:56,0
DA:57,0
DA:58,0
DA:59,0
DA:60,0
DA:61,0
DA:63,0
DA:66,0
DA:67,0
DA:78,0
DA:79,0
DA:80,0
DA:82,0
DA:86,0
DA:87,0
DA:91,0
DA:92,0
DA:96,0
DA:97,0
DA:104,0
DA:105,0
DA:109,0
DA:110,0
DA:111,0
DA:115,0
DA:116,0
DA:119,0
DA:120,0
DA:121,0
DA:124,0
DA:125,0
DA:126,0
LF:59
LH:0
end_of_record
SF:lib/modules/home/home_aniamtion.dart
DA:13,2
DA:15,0
DA:16,0
DA:22,0
DA:24,0
DA:27,0
DA:28,0
DA:29,0
DA:31,0
DA:32,0
DA:33,0
DA:36,0
DA:37,0
DA:40,0
DA:43,0
DA:44,0
DA:68,0
DA:74,0
DA:76,0
DA:77,0
DA:78,0
DA:81,0
DA:82,0
DA:83,0
DA:84,0
DA:85,0
DA:86,0
DA:87,0
DA:88,0
DA:89,0
DA:90,0
DA:91,0
DA:97,0
DA:98,0
DA:104,0
DA:106,0
DA:107,0
DA:109,0
DA:110,0
DA:112,0
DA:114,0
DA:115,0
DA:118,0
DA:120,0
DA:121,0
DA:123,0
DA:125,0
DA:126,0
DA:129,0
DA:130,0
DA:143,0
DA:149,0
DA:151,0
DA:152,0
DA:153,0
DA:155,0
DA:156,0
DA:157,0
DA:160,0
DA:163,0
DA:164,0
DA:166,0
DA:170,0
DA:174,0
DA:176,0
DA:178,0
LF:66
LH:1
end_of_record
SF:lib/app/intro_splash.dart
DA:12,2
DA:14,0
DA:15,0
DA:24,0
DA:26,0
DA:27,0
DA:32,0
DA:33,0
DA:35,0
DA:36,0
DA:39,0
DA:43,0
DA:46,0
DA:48,0
DA:49,0
DA:50,0
DA:53,0
DA:55,0
DA:56,0
DA:57,0
DA:61,0
DA:63,0
DA:64,0
DA:65,0
DA:67,0
DA:69,0
DA:79,0
DA:80,0
DA:81,0
DA:83,0
DA:84,0
DA:85,0
DA:86,0
DA:87,0
DA:88,0
DA:91,0
DA:94,0
DA:95,0
DA:96,0
DA:102,0
DA:103,0
DA:104,0
DA:109,0
DA:111,0
DA:114,0
DA:124,0
DA:125,0
DA:126,0
DA:127,0
DA:128,0
DA:130,0
DA:136,0
DA:138,0
DA:147,0
DA:148,0
DA:149,0
DA:150,0
DA:151,0
DA:152,0
DA:154,0
DA:155,0
DA:158,0
DA:168,0
DA:172,0
DA:174,0
DA:177,0
LF:66
LH:1
end_of_record
SF:lib/modules/setting/cubit/setting_cubit.dart
DA:12,0
DA:13,0
DA:16,0
DA:17,0
DA:19,0
DA:23,0
DA:24,0
DA:25,0
DA:26,0
DA:29,0
DA:30,0
DA:31,0
DA:32,0
DA:35,0
DA:36,0
DA:37,0
DA:38,0
DA:39,0
DA:42,0
DA:48,0
DA:50,0
DA:51,0
DA:54,0
DA:55,0
DA:56,0
DA:57,0
DA:60,0
DA:61,0
DA:62,0
DA:63,0
DA:67,0
DA:71,0
DA:83,0
LF:33
LH:0
end_of_record
SF:lib/modules/setting/state/setting_state.dart
DA:6,0
DA:8,0
DA:11,0
DA:12,0
LF:4
LH:0
end_of_record
SF:lib/utils_helper/extension/extension_context.dart
DA:4,0
DA:5,0
DA:6,0
DA:10,0
DA:11,0
DA:14,0
DA:15,0
DA:18,0
DA:19,0
DA:26,0
DA:27,0
DA:30,0
DA:31,0
DA:34,0
DA:35,0
DA:38,0
DA:39,0
DA:42,0
DA:43,0
DA:46,0
DA:47,0
DA:48,0
DA:49,0
DA:50,0
LF:24
LH:0
end_of_record
SF:lib/component/app_dialog/app_dialog.dart
DA:18,0
DA:29,0
DA:30,0
DA:34,0
DA:36,0
DA:37,0
DA:38,0
DA:39,0
DA:41,0
DA:42,0
DA:43,0
DA:46,0
DA:47,0
DA:48,0
DA:49,0
DA:53,0
DA:55,0
DA:56,0
DA:58,0
DA:60,0
DA:61,0
DA:62,0
DA:63,0
DA:64,0
DA:65,0
DA:67,0
DA:69,0
DA:76,0
DA:77,0
DA:82,0
DA:85,0
DA:89,0
DA:91,0
DA:92,0
DA:98,0
DA:99,0
DA:100,0
DA:101,0
DA:103,0
DA:107,0
DA:109,0
DA:110,0
DA:111,0
DA:112,0
DA:113,0
DA:115,0
DA:116,0
DA:117,0
DA:118,0
DA:124,0
LF:50
LH:0
end_of_record
SF:lib/core/app/app_box_decoration.dart
DA:5,0
DA:6,0
DA:7,0
DA:8,0
DA:10,0
DA:11,0
DA:17,0
DA:18,0
DA:24,0
DA:25,0
DA:28,0
DA:30,0
DA:31,0
DA:32,0
DA:36,0
DA:42,0
DA:44,0
DA:45,0
DA:51,0
DA:52,0
DA:53,0
DA:54,0
DA:56,0
DA:58,0
LF:24
LH:0
end_of_record
SF:lib/utils_helper/extension/extension_widget.dart
DA:7,0
DA:9,0
DA:11,0
DA:13,0
DA:15,0
DA:16,0
DA:18,0
DA:24,0
DA:25,0
DA:29,0
DA:34,0
DA:36,0
DA:38,0
DA:39,0
DA:41,0
DA:46,0
DA:47,0
DA:50,0
DA:55,0
DA:57,0
DA:59,0
DA:61,0
DA:63,0
DA:66,0
DA:72,0
DA:78,0
DA:80,0
DA:82,0
DA:83,0
DA:85,0
DA:87,0
DA:89,0
DA:91,0
DA:97,0
DA:99,0
DA:101,0
DA:111,0
DA:117,0
DA:118,0
DA:128,0
DA:135,0
DA:136,0
DA:143,0
DA:147,0
DA:151,0
DA:152,0
DA:156,0
DA:157,0
DA:159,0
DA:166,0
DA:171,0
DA:173,0
DA:176,0
DA:179,0
DA:183,0
DA:193,0
DA:200,0
DA:204,0
DA:205,0
DA:215,0
DA:216,0
DA:217,0
DA:218,0
DA:219,0
DA:220,0
DA:221,0
DA:222,0
DA:223,0
DA:230,0
DA:231,0
DA:232,0
DA:233,0
DA:234,0
DA:235,0
DA:236,0
DA:237,0
DA:238,0
DA:245,0
DA:246,0
DA:247,0
DA:250,0
LF:81
LH:0
end_of_record
SF:lib/component/app_dialog/app_dialog_manager.dart
DA:6,0
DA:8,0
DA:17,0
DA:18,0
DA:19,0
DA:21,0
DA:22,0
DA:23,0
DA:24,0
DA:25,0
DA:31,0
DA:32,0
DA:35,0
DA:42,0
DA:48,0
DA:49,0
DA:52,0
DA:53,0
DA:56,0
DA:57,0
LF:20
LH:0
end_of_record
SF:lib/utils_helper/utils_helper.dart
DA:10,0
DA:13,0
DA:15,0
DA:16,0
DA:17,0
DA:23,0
DA:24,0
DA:25,0
DA:29,0
DA:30,0
DA:34,0
DA:35,0
DA:38,0
DA:40,0
DA:41,0
DA:44,0
DA:45,0
DA:48,0
DA:49,0
DA:50,0
DA:51,0
DA:52,0
DA:54,0
DA:55,0
DA:56,0
DA:57,0
DA:58,0
DA:64,0
DA:66,0
DA:69,0
DA:72,0
DA:76,0
DA:81,0
DA:84,0
DA:85,0
DA:86,0
DA:90,0
DA:91,0
DA:94,0
DA:95,0
DA:96,0
DA:99,0
DA:100,0
DA:102,0
DA:105,0
DA:106,0
DA:107,0
DA:111,0
DA:112,0
DA:116,0
LF:50
LH:0
end_of_record
SF:lib/component/attribute_string/attribute_string_widget.dart
DA:21,0
DA:55,0
DA:63,0
DA:75,0
DA:83,0
DA:95,0
DA:104,0
DA:117,0
DA:119,0
DA:120,0
DA:121,0
DA:122,0
DA:123,0
DA:124,0
DA:125,0
DA:126,0
DA:127,0
DA:128,0
DA:129,0
DA:130,0
DA:134,0
DA:149,0
DA:150,0
DA:159,0
DA:160,0
DA:169,0
DA:170,0
DA:180,0
DA:181,0
DA:197,0
DA:207,0
DA:209,0
DA:210,0
DA:211,0
DA:214,0
DA:215,0
DA:217,0
DA:221,0
DA:222,0
DA:224,0
DA:227,0
DA:229,0
DA:231,0
DA:232,0
DA:235,0
DA:238,0
DA:239,0
DA:242,0
DA:243,0
DA:255,0
DA:265,0
DA:267,0
DA:268,0
DA:271,0
DA:272,0
DA:277,0
DA:278,0
DA:279,0
DA:280,0
DA:281,0
DA:282,0
DA:283,0
DA:285,0
DA:286,0
DA:287,0
DA:288,0
DA:290,0
DA:293,0
DA:296,0
DA:308,0
DA:319,0
DA:321,0
DA:322,0
DA:323,0
DA:324,0
DA:325,0
DA:327,0
DA:328,0
DA:329,0
DA:330,0
DA:332,0
DA:334,0
DA:335,0
DA:336,0
DA:338,0
DA:344,0
DA:349,0
DA:354,0
DA:356,0
LF:89
LH:0
end_of_record
SF:lib/component/attribute_string/highlighted_text.dart
DA:10,0
DA:18,0
DA:20,0
DA:23,0
DA:24,0
DA:26,0
DA:27,0
DA:28,0
DA:29,0
DA:31,0
DA:33,0
DA:34,0
DA:35,0
DA:36,0
DA:38,0
DA:39,0
DA:40,0
DA:41,0
DA:46,0
DA:50,0
DA:52,0
LF:21
LH:0
end_of_record
SF:lib/component/balance_bar/balance_bar.dart
DA:7,0
DA:16,0
DA:18,0
DA:19,0
DA:20,0
DA:21,0
DA:22,0
DA:29,0
DA:31,0
DA:32,0
DA:33,0
DA:38,0
DA:39,0
DA:40,0
DA:41,0
DA:43,0
DA:53,0
DA:55,0
DA:56,0
DA:57,0
DA:58,0
DA:59,0
DA:60,0
DA:61,0
DA:62,0
DA:63,0
DA:65,0
DA:67,0
DA:70,0
DA:71,0
DA:72,0
DA:73,0
DA:75,0
DA:85,0
DA:87,0
DA:88,0
DA:89,0
DA:90,0
DA:91,0
DA:92,0
DA:93,0
DA:94,0
DA:95,0
DA:97,0
DA:99,0
DA:102,0
DA:103,0
DA:104,0
DA:105,0
DA:107,0
DA:108,0
DA:109,0
DA:110,0
DA:111,0
DA:112,0
DA:113,0
DA:114,0
DA:115,0
DA:117,0
DA:118,0
DA:119,0
DA:122,0
DA:125,0
DA:126,0
DA:127,0
DA:129,0
DA:130,0
DA:136,0
DA:137,0
DA:138,0
DA:139,0
DA:142,0
DA:143,0
DA:144,0
DA:145,0
DA:146,0
DA:148,0
DA:156,0
DA:158,0
DA:160,0
DA:161,0
DA:162,0
DA:163,0
DA:164,0
DA:165,0
DA:166,0
DA:167,0
DA:169,0
DA:172,0
DA:173,0
DA:174,0
DA:175,0
DA:178,0
DA:179,0
DA:180,0
DA:181,0
DA:183,0
DA:184,0
DA:186,0
DA:187,0
DA:188,0
DA:189,0
DA:192,0
DA:195,0
LF:104
LH:0
end_of_record
SF:lib/component/sliver_appbar/balance_bar.dart
DA:4,2
DA:12,0
DA:14,0
DA:16,0
DA:17,0
DA:18,0
DA:19,0
LF:7
LH:1
end_of_record
SF:lib/component/base_loading_draggable/base_draggable_loading.dart
DA:12,0
DA:48,0
DA:49,0
DA:53,0
DA:55,0
DA:58,0
DA:60,0
DA:63,0
DA:65,0
DA:66,0
DA:67,0
DA:68,0
DA:69,0
DA:70,0
DA:71,0
DA:72,0
DA:73,0
DA:75,0
DA:76,0
DA:78,0
DA:80,0
DA:81,0
DA:82,0
DA:83,0
DA:84,0
DA:87,0
DA:88,0
DA:89,0
DA:90,0
DA:92,0
DA:93,0
DA:94,0
DA:95,0
DA:96,0
DA:97,0
DA:98,0
DA:99,0
DA:100,0
DA:101,0
DA:108,0
DA:109,0
DA:110,0
DA:114,0
DA:115,0
DA:116,0
DA:118,0
DA:123,0
DA:124,0
DA:125,0
DA:126,0
DA:128,0
DA:131,0
DA:132,0
DA:133,0
DA:134,0
DA:135,0
DA:137,0
DA:139,0
DA:140,0
DA:141,0
DA:145,0
DA:146,0
DA:147,0
DA:148,0
DA:150,0
DA:151,0
DA:152,0
DA:154,0
DA:156,0
DA:157,0
DA:158,0
DA:159,0
DA:174,0
DA:175,0
DA:176,0
DA:177,0
DA:178,0
LF:77
LH:0
end_of_record
SF:lib/component/base_loading_screen/cubit/base_loading_cubit.dart
DA:7,0
DA:9,0
DA:15,0
DA:16,0
DA:18,0
DA:19,0
DA:20,0
DA:21,0
DA:25,0
DA:26,0
DA:27,0
LF:11
LH:0
end_of_record
SF:lib/component/base_loading_screen/state/base_loading_state.dart
DA:5,0
DA:7,0
DA:8,0
DA:13,0
DA:17,0
DA:18,0
DA:19,0
DA:23,0
LF:8
LH:0
end_of_record
SF:lib/src/lib/floating_draggable_widget/floating_draggable_widget.dart
DA:11,0
DA:116,0
DA:117,0
DA:148,0
DA:149,0
DA:150,0
DA:152,0
DA:153,0
DA:154,0
DA:155,0
DA:156,0
DA:157,0
DA:162,0
DA:164,0
DA:165,0
DA:166,0
DA:169,0
DA:172,0
DA:173,0
DA:174,0
DA:175,0
DA:176,0
DA:181,0
DA:182,0
DA:183,0
DA:185,0
DA:186,0
DA:187,0
DA:192,0
DA:193,0
DA:194,0
DA:199,0
DA:200,0
DA:201,0
DA:202,0
DA:208,0
DA:209,0
DA:210,0
DA:211,0
DA:212,0
DA:213,0
DA:214,0
DA:215,0
DA:217,0
DA:218,0
DA:219,0
DA:221,0
DA:222,0
DA:223,0
DA:224,0
DA:225,0
DA:227,0
DA:228,0
DA:229,0
DA:230,0
DA:231,0
DA:232,0
DA:233,0
DA:234,0
DA:236,0
DA:238,0
DA:239,0
DA:240,0
DA:241,0
DA:242,0
DA:243,0
DA:244,0
DA:250,0
DA:255,0
DA:256,0
DA:257,0
DA:258,0
DA:259,0
DA:260,0
DA:265,0
DA:266,0
DA:267,0
DA:268,0
DA:269,0
DA:273,0
DA:276,0
DA:277,0
DA:278,0
DA:283,0
DA:284,0
DA:285,0
DA:290,0
DA:291,0
DA:292,0
DA:293,0
DA:294,0
DA:295,0
DA:301,0
DA:302,0
DA:303,0
DA:304,0
DA:305,0
DA:306,0
DA:307,0
DA:308,0
DA:309,0
DA:310,0
DA:317,0
DA:318,0
DA:319,0
DA:320,0
DA:321,0
DA:322,0
DA:323,0
DA:324,0
DA:325,0
DA:326,0
DA:327,0
DA:328,0
DA:329,0
DA:330,0
DA:331,0
DA:332,0
DA:333,0
DA:336,0
DA:337,0
DA:338,0
DA:349,0
DA:351,0
DA:352,0
DA:353,0
DA:358,0
DA:359,0
DA:360,0
DA:367,0
DA:368,0
DA:369,0
DA:372,0
DA:373,0
DA:381,0
DA:382,0
DA:384,0
DA:386,0
DA:388,0
DA:389,0
DA:390,0
DA:401,0
DA:403,0
DA:404,0
DA:408,0
DA:413,0
DA:414,0
DA:416,0
DA:417,0
DA:427,0
DA:432,0
DA:433,0
DA:435,0
LF:153
LH:0
end_of_record
SF:lib/component/base_loading_draggable/draggable_example_screen.dart
DA:9,0
DA:10,0
DA:11,0
DA:15,0
DA:17,0
DA:20,0
DA:22,0
DA:25,0
DA:27,0
DA:28,0
DA:29,0
DA:33,0
DA:34,0
DA:41,0
LF:14
LH:0
end_of_record
SF:lib/core/global/func_global.dart
DA:11,0
DA:12,0
DA:15,0
DA:16,0
DA:19,0
DA:20,0
DA:23,0
DA:24,0
DA:26,0
DA:27,0
DA:32,0
DA:33,0
DA:36,0
DA:37,0
DA:40,0
DA:41,0
DA:42,0
DA:43,0
DA:44,0
DA:45,0
DA:46,0
DA:52,0
DA:53,0
DA:54,0
DA:56,0
DA:59,0
DA:61,0
DA:64,0
DA:65,0
DA:71,0
DA:72,0
DA:73,0
DA:74,0
DA:75,0
DA:76,0
DA:81,0
DA:87,0
DA:88,0
DA:98,0
DA:100,0
DA:103,0
DA:104,0
DA:105,0
DA:106,0
DA:107,0
DA:109,0
DA:110,0
DA:111,0
DA:115,0
DA:116,0
DA:117,0
DA:118,0
DA:119,0
DA:120,0
DA:122,0
DA:123,0
DA:125,0
DA:126,0
DA:128,0
DA:130,0
DA:135,0
DA:136,0
DA:137,0
DA:138,0
DA:139,0
DA:140,0
DA:142,0
DA:143,0
DA:145,0
DA:147,0
DA:151,0
LF:71
LH:0
end_of_record
SF:lib/modules/material/component/meterial_button_3/material_button_3.dart
DA:18,0
DA:61,0
DA:71,0
DA:83,0
DA:95,0
DA:109,0
DA:119,0
DA:131,0
DA:132,0
DA:136,0
DA:138,0
DA:139,0
DA:140,0
DA:141,0
DA:143,0
DA:144,0
DA:146,0
DA:147,0
DA:149,0
DA:150,0
DA:152,0
DA:153,0
LF:22
LH:0
end_of_record
SF:lib/modules/popover/popover_scren.dart
DA:5,0
DA:7,0
DA:9,0
DA:10,0
DA:56,2
DA:58,0
DA:60,0
DA:68,0
DA:70,0
DA:71,0
DA:73,0
DA:78,0
DA:93,0
DA:95,0
DA:97,0
DA:99,0
DA:101,0
DA:102,0
DA:103,0
DA:104,0
DA:105,0
DA:106,0
DA:107,0
DA:108,0
DA:112,0
DA:114,0
DA:119,0
DA:121,0
DA:125,0
DA:127,0
DA:131,0
DA:133,0
DA:137,0
DA:139,0
DA:143,0
DA:145,0
DA:155,2
DA:157,0
DA:159,0
DA:160,0
DA:164,0
DA:165,0
DA:166,0
LF:43
LH:2
end_of_record
SF:lib/component/base_loading_screen/base_loading.dart
DA:12,0
DA:31,0
DA:32,0
DA:36,0
DA:38,0
DA:41,0
DA:43,0
DA:46,0
DA:48,0
DA:49,0
DA:50,0
DA:51,0
DA:52,0
DA:53,0
DA:54,0
DA:55,0
DA:56,0
DA:58,0
DA:59,0
DA:61,0
DA:63,0
DA:64,0
DA:66,0
DA:67,0
DA:68,0
DA:69,0
DA:70,0
DA:72,0
DA:73,0
DA:75,0
DA:82,0
DA:83,0
DA:84,0
DA:85,0
DA:87,0
DA:88,0
DA:90,0
DA:91,0
DA:93,0
DA:94,0
DA:95,0
DA:96,0
DA:97,0
DA:99,0
DA:100,0
DA:101,0
DA:102,0
DA:106,0
DA:107,0
DA:108,0
DA:109,0
DA:111,0
DA:112,0
DA:113,0
DA:115,0
DA:117,0
DA:118,0
DA:119,0
DA:120,0
DA:135,0
DA:136,0
DA:137,0
DA:138,0
DA:139,0
LF:64
LH:0
end_of_record
SF:lib/utils_helper/dialog_utils.dart
DA:34,0
DA:36,0
DA:37,0
DA:39,0
DA:42,0
DA:45,0
DA:48,0
DA:49,0
DA:53,0
DA:54,0
DA:62,0
DA:64,0
DA:66,0
DA:67,0
DA:68,0
DA:69,0
DA:70,0
DA:72,0
DA:79,0
DA:87,0
DA:89,0
DA:90,0
DA:91,0
DA:92,0
DA:93,0
DA:96,0
DA:97,0
DA:98,0
DA:99,0
DA:102,0
DA:103,0
DA:106,0
DA:107,0
DA:108,0
DA:111,0
DA:112,0
DA:115,0
DA:116,0
DA:117,0
DA:120,0
DA:121,0
DA:124,0
DA:125,0
DA:126,0
DA:129,0
DA:130,0
DA:139,0
DA:146,0
DA:148,0
DA:150,0
DA:151,0
DA:152,0
DA:153,0
DA:154,0
DA:161,0
DA:162,0
DA:165,0
DA:166,0
DA:167,0
DA:168,0
DA:171,0
DA:172,0
DA:175,0
DA:176,0
DA:177,0
DA:180,0
DA:181,0
DA:191,0
DA:197,0
DA:204,0
DA:206,0
DA:208,0
DA:209,0
DA:210,0
DA:211,0
DA:212,0
DA:219,0
DA:220,0
DA:249,0
DA:255,0
DA:263,0
DA:265,0
DA:266,0
DA:267,0
DA:269,0
DA:270,0
DA:271,0
DA:272,0
DA:275,0
DA:276,0
DA:277,0
DA:278,0
DA:281,0
DA:282,0
DA:285,0
DA:286,0
DA:287,0
DA:290,0
DA:291,0
DA:300,0
DA:304,0
DA:306,0
DA:307,0
DA:309,0
DA:311,0
DA:318,0
DA:321,0
DA:324,0
DA:339,0
DA:341,0
DA:347,0
DA:354,0
DA:355,0
DA:356,0
DA:358,0
DA:359,0
DA:360,0
DA:361,0
DA:364,0
DA:365,0
DA:366,0
DA:369,0
DA:370,0
DA:371,0
DA:372,0
DA:374,0
DA:375,0
DA:377,0
DA:378,0
DA:379,0
DA:380,0
DA:381,0
DA:383,0
DA:384,0
DA:387,0
DA:388,0
DA:392,0
DA:394,0
DA:400,0
DA:410,0
DA:425,0
DA:434,0
DA:435,0
DA:439,0
DA:440,0
DA:445,0
DA:446,0
DA:447,0
DA:449,0
DA:450,0
DA:451,0
DA:453,0
DA:454,0
DA:456,0
DA:457,0
DA:458,0
DA:459,0
DA:460,0
DA:461,0
DA:463,0
DA:470,0
DA:471,0
DA:485,0
DA:492,0
DA:494,0
DA:496,0
DA:497,0
DA:499,0
DA:500,0
DA:501,0
DA:503,0
DA:505,0
DA:514,0
DA:515,0
DA:516,0
DA:517,0
DA:518,0
DA:519,0
DA:520,0
DA:526,0
DA:534,0
DA:536,0
DA:538,0
DA:540,0
DA:541,0
DA:542,0
DA:543,0
DA:544,0
DA:545,0
DA:546,0
DA:548,0
DA:549,0
DA:550,0
DA:551,0
DA:559,0
DA:560,0
DA:561,0
DA:562,0
DA:563,0
DA:565,0
DA:566,0
DA:568,0
DA:569,0
DA:570,0
DA:572,0
DA:573,0
DA:575,0
DA:576,0
DA:577,0
DA:578,0
DA:579,0
DA:581,0
DA:583,0
DA:585,0
DA:588,0
DA:589,0
DA:590,0
DA:592,0
DA:593,0
DA:594,0
DA:595,0
DA:596,0
DA:601,0
DA:616,0
DA:622,0
DA:624,0
DA:625,0
DA:627,0
DA:628,0
DA:631,0
DA:635,0
DA:640,0
DA:643,0
DA:645,0
DA:647,0
DA:648,0
DA:649,0
DA:650,0
DA:651,0
DA:652,0
DA:653,0
DA:655,0
DA:656,0
DA:657,0
DA:666,0
DA:667,0
DA:668,0
DA:669,0
DA:670,0
DA:672,0
DA:673,0
DA:674,0
DA:675,0
DA:676,0
DA:677,0
DA:680,0
DA:681,0
DA:682,0
DA:684,0
DA:685,0
DA:687,0
DA:688,0
DA:689,0
DA:690,0
DA:692,0
DA:695,0
DA:697,0
DA:700,0
DA:715,0
DA:721,0
DA:728,0
DA:730,0
DA:732,0
DA:734,0
DA:735,0
DA:736,0
DA:737,0
DA:738,0
DA:739,0
DA:740,0
DA:742,0
DA:743,0
DA:744,0
DA:751,0
DA:752,0
DA:753,0
DA:754,0
DA:755,0
DA:757,0
DA:758,0
DA:761,0
DA:762,0
DA:763,0
DA:765,0
DA:766,0
DA:768,0
DA:769,0
DA:770,0
DA:771,0
DA:772,0
DA:774,0
DA:779,0
DA:780,0
DA:781,0
DA:783,0
DA:784,0
DA:785,0
DA:786,0
DA:787,0
DA:792,0
DA:794,0
DA:810,0
DA:822,0
DA:831,0
DA:832,0
DA:833,0
DA:837,0
DA:838,0
DA:839,0
DA:840,0
DA:841,0
DA:842,0
DA:843,0
DA:844,0
DA:845,0
DA:847,0
DA:849,0
DA:851,0
DA:852,0
DA:854,0
DA:855,0
DA:856,0
DA:857,0
DA:858,0
DA:866,0
DA:867,0
DA:868,0
DA:869,0
DA:870,0
DA:871,0
DA:872,0
DA:873,0
DA:876,0
DA:877,0
DA:878,0
DA:879,0
DA:880,0
DA:882,0
DA:890,0
DA:892,0
DA:903,0
DA:905,0
DA:906,0
DA:907,0
DA:910,0
DA:916,0
DA:918,0
DA:920,0
DA:921,0
DA:922,0
DA:923,0
DA:924,0
DA:926,0
DA:927,0
DA:932,0
DA:933,0
DA:941,0
LF:367
LH:0
end_of_record
SF:lib/core/cubit/base_cubit.dart
DA:5,0
DA:6,0
LF:2
LH:0
end_of_record
SF:lib/component/base_loading_screen/page_loading_screen.dart
DA:9,0
DA:19,0
DA:20,0
DA:24,0
DA:26,0
DA:27,0
DA:28,0
DA:30,0
DA:32,0
DA:36,0
DA:37,0
DA:38,0
DA:39,0
DA:40,0
DA:41,0
DA:44,0
DA:45,0
LF:17
LH:0
end_of_record
SF:lib/component/bottom_sheet/cubit/bottom_sheet_cubit.dart
DA:7,0
DA:9,0
DA:12,0
DA:15,0
LF:4
LH:0
end_of_record
SF:lib/component/bottom_sheet/state/bottom_sheet_state.dart
DA:4,0
DA:6,0
DA:7,0
DA:11,0
DA:14,0
DA:15,0
DA:19,0
LF:7
LH:0
end_of_record
SF:lib/component/bottom_sheet/overlay_bottom_sheet.dart
DA:6,0
DA:7,0
DA:9,0
DA:17,0
DA:18,0
DA:19,0
DA:21,0
DA:25,0
DA:26,0
DA:28,0
DA:33,0
DA:36,0
DA:37,0
DA:40,0
DA:41,0
DA:43,0
DA:44,0
DA:46,0
DA:53,0
DA:54,0
DA:57,0
DA:58,0
DA:59,0
DA:61,0
DA:72,0
DA:80,0
DA:81,0
DA:92,0
DA:94,0
DA:95,0
DA:96,0
DA:97,0
DA:98,0
DA:99,0
DA:100,0
DA:101,0
DA:103,0
DA:104,0
DA:108,0
DA:110,0
DA:111,0
DA:115,0
DA:117,0
DA:123,0
DA:125,0
DA:126,0
DA:129,0
DA:130,0
DA:131,0
DA:132,0
DA:135,0
DA:136,0
DA:137,0
DA:138,0
DA:139,0
DA:142,0
DA:143,0
DA:144,0
DA:149,0
DA:150,0
DA:152,0
DA:153,0
DA:155,0
DA:156,0
DA:161,0
DA:163,0
DA:164,0
DA:165,0
DA:166,0
DA:167,0
DA:169,0
DA:173,0
DA:174,0
DA:175,0
DA:177,0
DA:178,0
DA:179,0
DA:180,0
DA:181,0
DA:184,0
DA:185,0
DA:188,0
DA:191,0
DA:192,0
DA:193,0
DA:197,0
DA:198,0
DA:199,0
DA:202,0
DA:203,0
DA:204,0
DA:206,0
LF:92
LH:0
end_of_record
SF:lib/component/bottom_sheet/page/bottom_sheet.dart
DA:5,0
DA:8,0
DA:9,0
DA:16,0
DA:18,0
DA:20,0
DA:25,0
DA:28,0
DA:30,0
DA:31,0
DA:34,0
DA:36,0
DA:37,0
DA:38,0
DA:39,0
DA:40,0
DA:41,0
DA:42,0
DA:44,0
DA:45,0
DA:46,0
DA:47,0
DA:55,0
DA:56,0
DA:57,0
DA:58,0
LF:26
LH:0
end_of_record
SF:lib/component/hero_animation/hero_animation_screen.dart
DA:8,0
DA:10,0
DA:12,0
DA:13,0
DA:15,0
DA:16,0
DA:17,0
DA:19,0
DA:22,0
DA:24,0
DA:33,0
DA:35,0
DA:37,0
DA:38,0
DA:39,0
DA:41,0
DA:45,0
DA:46,0
DA:49,0
DA:50,0
DA:52,0
LF:21
LH:0
end_of_record
SF:lib/custom_widget/custom_shape/custom_shape.dart
DA:4,2
DA:6,0
DA:7,0
DA:9,0
DA:10,0
DA:12,0
DA:13,0
DA:14,0
DA:15,0
DA:16,0
DA:17,0
DA:18,0
DA:19,0
DA:20,0
DA:21,0
DA:22,0
DA:23,0
DA:24,0
DA:27,0
DA:32,0
DA:37,0
LF:21
LH:1
end_of_record
SF:lib/component/hero_animation/hero_utils/hero_animation_utils.dart
DA:9,0
DA:11,0
DA:13,0
DA:15,0
DA:16,0
DA:17,0
DA:18,0
DA:19,0
DA:23,0
DA:24,0
LF:10
LH:0
end_of_record
SF:lib/component/mt_progress_hub/mt_progess_hub.dart
DA:7,0
DA:10,0
DA:12,0
DA:13,0
DA:14,0
DA:15,0
DA:16,0
DA:17,0
DA:26,0
DA:29,0
DA:30,0
LF:11
LH:0
end_of_record
SF:lib/component/notification_center/notification_center.dart
DA:8,0
DA:12,0
DA:13,0
DA:14,0
DA:15,0
DA:20,0
DA:21,0
DA:22,0
DA:27,0
DA:28,0
DA:29,0
DA:40,0
LF:12
LH:0
end_of_record
SF:lib/component/routes/argument_screen_model.dart
DA:5,0
LF:1
LH:0
end_of_record
SF:lib/component/routes/route.dart
DA:134,0
DA:136,0
DA:306,0
DA:308,0
DA:309,0
DA:310,0
DA:311,0
DA:312,0
DA:313,0
DA:314,0
DA:316,0
DA:317,0
DA:318,0
DA:319,0
DA:321,0
DA:322,0
DA:323,0
DA:324,0
DA:326,0
DA:327,0
DA:328,0
DA:329,0
DA:331,0
DA:332,0
DA:333,0
DA:334,0
DA:336,0
DA:337,0
DA:338,0
DA:339,0
DA:341,0
DA:342,0
DA:343,0
DA:344,0
DA:346,0
DA:347,0
DA:348,0
DA:349,0
DA:356,0
DA:357,0
DA:358,0
DA:359,0
DA:361,0
DA:362,0
DA:363,0
DA:364,0
DA:366,0
DA:367,0
DA:368,0
DA:369,0
DA:372,0
DA:373,0
DA:374,0
DA:375,0
DA:382,0
DA:383,0
DA:384,0
DA:385,0
DA:392,0
DA:393,0
DA:394,0
DA:395,0
DA:397,0
DA:398,0
DA:399,0
DA:400,0
DA:402,0
DA:403,0
DA:404,0
DA:405,0
DA:407,0
DA:408,0
DA:409,0
DA:410,0
DA:412,0
DA:413,0
DA:414,0
DA:415,0
DA:417,0
DA:418,0
DA:419,0
DA:420,0
DA:422,0
DA:423,0
DA:424,0
DA:425,0
DA:427,0
DA:428,0
DA:429,0
DA:430,0
DA:432,0
DA:433,0
DA:434,0
DA:436,0
DA:438,0
DA:439,0
DA:440,0
DA:441,0
DA:445,0
DA:446,0
DA:447,0
DA:448,0
DA:450,0
DA:451,0
DA:452,0
DA:453,0
DA:455,0
DA:456,0
DA:457,0
DA:458,0
DA:460,0
DA:461,0
DA:462,0
DA:463,0
DA:465,0
DA:466,0
DA:467,0
DA:468,0
DA:470,0
DA:471,0
DA:472,0
DA:473,0
DA:475,0
DA:476,0
DA:477,0
DA:478,0
DA:481,0
DA:482,0
DA:483,0
DA:484,0
DA:486,0
DA:487,0
DA:488,0
DA:489,0
DA:491,0
DA:492,0
DA:493,0
DA:494,0
DA:503,0
DA:504,0
DA:505,0
DA:506,0
DA:508,0
DA:509,0
DA:510,0
DA:511,0
DA:513,0
DA:514,0
DA:515,0
DA:516,0
DA:518,0
DA:519,0
DA:520,0
DA:521,0
DA:523,0
DA:524,0
DA:525,0
DA:526,0
DA:528,0
DA:529,0
DA:530,0
DA:531,0
DA:533,0
DA:534,0
DA:535,0
DA:536,0
DA:543,0
DA:544,0
DA:545,0
DA:546,0
DA:548,0
DA:549,0
DA:550,0
DA:551,0
DA:553,0
DA:554,0
DA:555,0
DA:556,0
DA:558,0
DA:559,0
DA:560,0
DA:561,0
DA:563,0
DA:564,0
DA:565,0
DA:566,0
DA:568,0
DA:569,0
DA:570,0
DA:571,0
DA:573,0
DA:574,0
DA:575,0
DA:576,0
DA:578,0
DA:579,0
DA:580,0
DA:582,0
DA:583,0
DA:585,0
DA:586,0
DA:587,0
DA:588,0
DA:589,0
DA:591,0
DA:592,0
DA:593,0
DA:594,0
DA:595,0
DA:597,0
DA:598,0
DA:599,0
DA:600,0
DA:601,0
DA:603,0
DA:604,0
DA:605,0
DA:606,0
DA:607,0
DA:609,0
DA:610,0
DA:611,0
DA:612,0
DA:613,0
DA:615,0
DA:616,0
DA:617,0
DA:618,0
DA:619,0
DA:621,0
DA:622,0
DA:623,0
DA:624,0
DA:625,0
DA:627,0
DA:628,0
DA:629,0
DA:630,0
DA:631,0
DA:633,0
DA:634,0
DA:635,0
DA:636,0
DA:637,0
DA:639,0
DA:640,0
DA:641,0
DA:642,0
DA:643,0
DA:645,0
DA:646,0
DA:647,0
DA:648,0
DA:649,0
DA:651,0
DA:652,0
DA:653,0
DA:654,0
DA:655,0
DA:657,0
DA:658,0
DA:659,0
DA:660,0
DA:661,0
DA:663,0
DA:664,0
DA:665,0
DA:666,0
DA:667,0
DA:669,0
DA:670,0
DA:671,0
DA:672,0
DA:673,0
DA:675,0
DA:676,0
DA:677,0
DA:678,0
DA:679,0
DA:681,0
DA:682,0
DA:683,0
DA:684,0
DA:685,0
DA:687,0
DA:688,0
DA:689,0
DA:690,0
DA:691,0
DA:694,0
DA:695,0
DA:696,0
DA:697,0
DA:698,0
DA:700,0
DA:701,0
DA:702,0
DA:703,0
DA:704,0
DA:706,0
DA:707,0
DA:708,0
DA:709,0
DA:710,0
DA:712,0
DA:713,0
DA:714,0
DA:715,0
DA:716,0
DA:719,0
DA:720,0
DA:721,0
DA:722,0
DA:723,0
DA:725,0
DA:726,0
DA:727,0
DA:728,0
DA:729,0
DA:731,0
DA:732,0
DA:733,0
DA:734,0
DA:735,0
DA:737,0
DA:738,0
DA:739,0
DA:740,0
DA:741,0
DA:742,0
DA:743,0
DA:744,0
DA:745,0
DA:746,0
DA:747,0
DA:748,0
DA:749,0
DA:750,0
DA:751,0
DA:752,0
DA:753,0
DA:754,0
DA:755,0
DA:756,0
DA:758,0
DA:760,0
DA:768,0
DA:769,0
DA:770,0
DA:771,0
DA:773,0
DA:774,0
DA:775,0
DA:776,0
DA:778,0
DA:779,0
DA:780,0
DA:781,0
DA:783,0
DA:784,0
DA:785,0
DA:786,0
DA:788,0
DA:789,0
DA:790,0
DA:791,0
DA:793,0
DA:794,0
DA:795,0
DA:796,0
DA:798,0
DA:799,0
DA:800,0
DA:801,0
DA:803,0
DA:804,0
DA:805,0
DA:806,0
DA:808,0
DA:809,0
DA:810,0
DA:811,0
DA:813,0
DA:814,0
DA:815,0
DA:816,0
DA:818,0
DA:819,0
DA:820,0
DA:821,0
DA:823,0
DA:824,0
DA:825,0
DA:826,0
DA:830,0
DA:831,0
DA:832,0
DA:833,0
DA:835,0
DA:836,0
DA:837,0
DA:838,0
DA:840,0
DA:841,0
DA:842,0
DA:843,0
DA:845,0
DA:846,0
DA:847,0
DA:848,0
DA:850,0
DA:851,0
DA:852,0
DA:853,0
DA:855,0
DA:856,0
DA:857,0
DA:858,0
DA:860,0
DA:861,0
DA:862,0
DA:863,0
DA:865,0
DA:866,0
DA:867,0
DA:868,0
DA:870,0
DA:871,0
DA:872,0
DA:873,0
DA:875,0
DA:876,0
DA:877,0
DA:878,0
DA:880,0
DA:881,0
DA:882,0
DA:883,0
DA:885,0
DA:886,0
DA:887,0
DA:888,0
DA:890,0
DA:891,0
DA:892,0
DA:893,0
DA:895,0
DA:896,0
DA:897,0
DA:898,0
DA:900,0
DA:901,0
DA:902,0
DA:903,0
DA:905,0
DA:906,0
DA:907,0
DA:908,0
DA:910,0
DA:911,0
DA:912,0
DA:913,0
DA:915,0
DA:916,0
DA:917,0
DA:918,0
DA:920,0
DA:921,0
DA:922,0
DA:923,0
DA:925,0
DA:926,0
DA:927,0
DA:928,0
DA:930,0
DA:931,0
DA:932,0
DA:933,0
DA:935,0
DA:936,0
DA:937,0
DA:938,0
DA:941,0
DA:942,0
DA:943,0
DA:944,0
DA:946,0
DA:947,0
DA:948,0
DA:949,0
DA:951,0
DA:952,0
DA:953,0
DA:954,0
DA:955,0
DA:956,0
DA:958,0
DA:959,0
DA:965,0
DA:966,0
DA:967,0
DA:968,0
DA:970,0
DA:971,0
DA:972,0
DA:973,0
DA:975,0
DA:976,0
DA:977,0
DA:978,0
DA:980,0
DA:981,0
DA:982,0
DA:983,0
DA:985,0
DA:986,0
DA:987,0
DA:988,0
DA:990,0
DA:991,0
DA:992,0
DA:993,0
DA:995,0
DA:996,0
DA:997,0
DA:998,0
DA:1000,0
DA:1001,0
DA:1002,0
DA:1003,0
DA:1005,0
DA:1006,0
DA:1007,0
DA:1008,0
DA:1010,0
DA:1011,0
DA:1012,0
DA:1013,0
DA:1015,0
DA:1016,0
DA:1017,0
DA:1018,0
DA:1020,0
DA:1021,0
DA:1022,0
DA:1023,0
DA:1025,0
DA:1026,0
DA:1027,0
DA:1028,0
DA:1030,0
DA:1031,0
DA:1032,0
DA:1033,0
DA:1035,0
DA:1036,0
DA:1037,0
DA:1038,0
DA:1040,0
DA:1041,0
DA:1042,0
DA:1043,0
DA:1044,0
DA:1045,0
DA:1050,0
DA:1060,0
DA:1061,0
DA:1063,0
DA:1068,0
DA:1070,0
DA:1076,0
DA:1078,0
DA:1113,0
DA:1114,0
DA:1115,0
DA:1117,0
DA:1118,0
DA:1133,0
DA:1138,0
DA:1141,0
DA:1144,0
DA:1150,0
DA:1152,0
DA:1156,0
DA:1159,0
DA:1160,0
DA:1162,0
DA:1165,0
LF:588
LH:0
end_of_record
SF:lib/component/tree_view/tree_view_screen.dart
DA:9,0
DA:10,0
DA:11,0
DA:18,0
DA:20,0
DA:23,0
DA:25,0
DA:79,0
DA:81,0
DA:82,0
DA:83,0
DA:84,0
DA:85,0
DA:86,0
DA:87,0
DA:88,0
DA:90,0
DA:97,0
DA:98,0
DA:100,0
DA:101,0
DA:104,0
DA:113,0
DA:114,0
DA:115,0
DA:117,0
DA:118,0
DA:119,0
DA:120,0
DA:126,0
DA:127,0
DA:128,0
DA:130,0
DA:133,0
DA:135,0
DA:136,0
DA:137,0
LF:37
LH:0
end_of_record
SF:lib/db/hive_demo/screen/info_screen.dart
DA:7,0
DA:9,0
DA:10,0
DA:17,0
DA:18,0
DA:20,0
DA:23,0
DA:25,0
DA:27,0
DA:30,0
DA:32,0
DA:33,0
DA:36,0
DA:37,0
DA:38,0
DA:39,0
DA:44,0
DA:45,0
DA:46,0
DA:47,0
DA:52,0
DA:53,0
DA:54,0
DA:56,0
DA:58,0
DA:59,0
DA:60,0
DA:61,0
DA:67,0
DA:68,0
DA:69,0
DA:70,0
DA:71,0
LF:33
LH:0
end_of_record
SF:lib/main_isolate.dart
DA:14,0
DA:15,0
DA:24,0
DA:26,0
DA:27,0
DA:30,0
DA:32,0
DA:33,0
DA:34,0
DA:36,0
DA:39,0
DA:60,0
DA:62,0
DA:63,0
DA:64,0
DA:66,0
DA:68,0
DA:70,0
DA:71,0
DA:72,0
DA:76,0
DA:78,0
DA:79,0
DA:81,0
DA:82,0
DA:86,0
DA:87,0
DA:92,0
LF:28
LH:0
end_of_record
SF:lib/modules/animation/animation_screen.dart
DA:11,0
DA:13,0
DA:14,0
DA:20,0
DA:21,0
DA:24,0
DA:26,0
DA:27,0
DA:28,0
DA:29,0
DA:30,0
DA:40,0
DA:41,0
DA:50,0
DA:58,0
DA:68,0
DA:70,0
DA:74,0
DA:77,0
DA:78,0
DA:79,0
DA:88,0
DA:89,0
DA:90,0
LF:24
LH:0
end_of_record
SF:lib/modules/balance_bar_screen/balance_bar_screen.dart
DA:10,0
DA:11,0
DA:12,0
DA:16,0
DA:18,0
DA:21,0
DA:23,0
DA:26,0
DA:28,0
DA:29,0
DA:31,0
DA:33,0
DA:36,0
DA:38,0
DA:39,0
DA:41,0
DA:44,0
DA:45,0
DA:47,0
DA:50,0
DA:52,0
DA:54,0
DA:55,0
DA:60,0
DA:61,0
DA:62,0
DA:63,0
DA:66,0
DA:67,0
DA:73,0
DA:86,0
DA:87,0
DA:88,0
DA:90,0
DA:91,0
DA:92,0
DA:93,0
DA:97,0
DA:98,0
DA:99,0
DA:102,0
DA:104,0
DA:105,0
DA:106,0
DA:108,0
DA:109,0
DA:110,0
LF:47
LH:0
end_of_record
SF:lib/modules/camera_wesome/camera_wesome_screen.dart
DA:13,0
DA:15,0
DA:17,0
DA:18,0
DA:20,0
DA:21,0
DA:22,0
DA:23,0
DA:24,0
DA:25,0
DA:26,0
DA:27,0
DA:28,0
DA:30,0
DA:31,0
DA:32,0
DA:36,0
DA:37,0
DA:38,0
DA:39,0
DA:41,0
DA:42,0
DA:43,0
DA:45,0
DA:46,0
DA:47,0
DA:52,0
DA:54,0
DA:57,0
DA:59,0
DA:60,0
DA:61,0
DA:62,0
DA:63,0
DA:64,0
DA:66,0
DA:67,0
DA:70,0
DA:71,0
DA:72,0
DA:73,0
DA:74,0
DA:78,0
DA:80,0
DA:83,0
DA:88,0
DA:90,0
DA:91,0
DA:100,0
DA:101,0
DA:102,0
DA:103,0
DA:104,0
DA:106,0
DA:107,0
DA:108,0
DA:109,0
DA:114,0
DA:121,0
DA:122,0
DA:123,0
DA:124,0
DA:125,0
DA:130,0
DA:131,0
DA:132,0
LF:66
LH:0
end_of_record
SF:lib/modules/chart/chart_screen.dart
DA:16,0
DA:17,0
DA:18,0
DA:24,0
DA:26,0
DA:28,0
DA:29,0
DA:34,0
DA:35,0
DA:36,0
DA:37,0
DA:38,0
DA:39,0
DA:40,0
DA:41,0
DA:42,0
DA:43,0
DA:45,0
DA:48,0
DA:50,0
DA:53,0
DA:55,0
DA:56,0
DA:57,0
DA:60,0
DA:61,0
DA:62,0
DA:63,0
DA:65,0
DA:66,0
DA:67,0
DA:80,0
DA:81,0
DA:82,0
DA:84,0
DA:85,0
DA:86,0
DA:91,0
DA:92,0
DA:94,0
DA:95,0
DA:96,0
DA:98,0
DA:99,0
DA:103,0
DA:107,0
DA:108,0
DA:109,0
DA:110,0
DA:111,0
DA:112,0
DA:116,0
DA:119,0
DA:120,0
DA:121,0
DA:124,0
DA:125,0
DA:126,0
DA:130,0
DA:133,0
DA:134,0
DA:135,0
DA:138,0
DA:139,0
DA:140,0
DA:144,0
DA:147,0
DA:148,0
DA:149,0
DA:153,0
DA:154,0
DA:155,0
DA:159,0
DA:162,0
DA:163,0
DA:164,0
DA:168,0
DA:169,0
DA:172,0
DA:178,0
DA:186,0
DA:187,0
DA:188,0
DA:189,0
DA:190,0
DA:191,0
DA:192,0
DA:193,0
DA:196,0
DA:219,0
DA:222,0
DA:225,0
DA:226,0
DA:227,0
DA:231,0
DA:458,0
DA:470,0
DA:473,0
DA:476,0
DA:477,0
DA:480,0
DA:481,0
DA:482,0
DA:483,0
DA:488,0
DA:490,0
DA:491,0
DA:493,0
DA:496,0
DA:497,0
DA:500,0
DA:501,0
DA:502,0
DA:503,0
DA:508,0
DA:518,0
DA:524,0
DA:527,0
DA:528,0
DA:529,0
DA:530,0
DA:531,0
DA:532,0
DA:533,0
DA:534,0
DA:536,0
DA:537,0
DA:540,0
DA:541,0
DA:543,0
DA:552,0
DA:556,0
DA:557,0
DA:558,0
LF:134
LH:0
end_of_record
SF:lib/modules/chart/pages/sf_cartesian_chart_page.dart
DA:10,0
DA:12,0
DA:13,0
DA:18,0
DA:22,0
DA:23,0
DA:24,0
DA:25,0
DA:26,0
DA:27,0
DA:28,0
DA:29,0
DA:31,0
DA:32,0
DA:35,0
DA:36,0
DA:38,0
DA:51,0
DA:55,0
DA:56,0
DA:57,0
DA:66,0
DA:69,0
DA:70,0
DA:72,0
DA:81,0
DA:85,0
DA:86,0
DA:87,0
DA:104,0
DA:106,0
DA:108,0
DA:109,0
DA:111,0
DA:112,0
DA:113,0
DA:114,0
DA:115,0
DA:116,0
DA:117,0
DA:118,0
DA:119,0
DA:126,0
DA:129,0
DA:131,0
DA:132,0
DA:133,0
DA:134,0
DA:135,0
DA:137,0
DA:138,0
DA:140,0
DA:141,0
DA:142,0
DA:145,0
DA:147,0
DA:148,0
DA:150,0
DA:151,0
DA:154,0
DA:155,0
DA:160,0
DA:161,0
DA:162,0
DA:168,0
DA:169,0
DA:172,0
DA:174,0
DA:175,0
DA:177,0
DA:178,0
DA:179,0
DA:180,0
DA:181,0
DA:182,0
DA:183,0
DA:184,0
DA:185,0
LF:78
LH:0
end_of_record
SF:lib/modules/chart/pages/sf_circular_chart_page.dart
DA:10,0
DA:12,0
DA:13,0
DA:39,0
DA:41,0
DA:43,0
DA:44,0
DA:46,0
DA:47,0
DA:48,0
DA:49,0
DA:50,0
DA:51,0
DA:52,0
DA:53,0
DA:54,0
DA:61,0
DA:63,0
DA:64,0
DA:66,0
DA:67,0
DA:68,0
DA:69,0
DA:76,0
DA:79,0
DA:81,0
DA:82,0
DA:83,0
DA:84,0
DA:85,0
DA:87,0
DA:88,0
DA:90,0
DA:91,0
DA:92,0
DA:93,0
DA:94,0
DA:95,0
DA:98,0
DA:99,0
DA:100,0
DA:112,0
DA:114,0
DA:115,0
DA:117,0
DA:118,0
DA:119,0
DA:120,0
DA:121,0
DA:122,0
DA:125,0
DA:126,0
DA:127,0
DA:139,0
DA:141,0
DA:142,0
DA:144,0
DA:145,0
DA:146,0
DA:147,0
DA:148,0
DA:149,0
DA:150,0
DA:151,0
DA:152,0
DA:158,0
LF:66
LH:0
end_of_record
SF:lib/modules/chart/pages/sf_pyramid_chart_page.dart
DA:11,0
DA:13,0
DA:14,0
DA:39,0
DA:41,0
DA:43,0
DA:44,0
DA:46,0
DA:47,0
DA:48,0
DA:49,0
DA:50,0
DA:51,0
DA:52,0
DA:53,0
DA:54,0
DA:61,0
DA:64,0
DA:66,0
DA:67,0
DA:68,0
DA:69,0
DA:70,0
DA:72,0
DA:73,0
DA:75,0
DA:77,0
DA:78,0
DA:79,0
DA:80,0
DA:81,0
DA:82,0
DA:83,0
DA:84,0
DA:94,0
DA:96,0
DA:97,0
DA:99,0
DA:101,0
DA:102,0
DA:103,0
DA:104,0
DA:105,0
DA:106,0
DA:107,0
LF:45
LH:0
end_of_record
SF:lib/modules/chart/pages/sf_spark_bar_chart_page.dart
DA:10,0
DA:12,0
DA:13,0
DA:18,0
DA:19,0
DA:74,0
DA:76,0
DA:78,0
DA:79,0
DA:81,0
DA:82,0
DA:83,0
DA:84,0
DA:85,0
DA:86,0
DA:87,0
DA:88,0
DA:89,0
DA:96,0
DA:99,0
DA:101,0
DA:102,0
DA:104,0
DA:105,0
DA:107,0
DA:109,0
DA:110,0
LF:27
LH:0
end_of_record
SF:lib/modules/chat/chat_screen.dart
DA:11,0
DA:13,0
DA:14,0
DA:21,0
DA:22,0
DA:23,0
DA:24,0
DA:25,0
DA:26,0
DA:29,0
DA:30,0
DA:33,0
DA:35,0
DA:37,0
DA:38,0
DA:42,0
DA:43,0
DA:47,0
DA:48,0
DA:49,0
DA:50,0
DA:51,0
DA:58,0
DA:60,0
DA:63,0
DA:65,0
DA:67,0
DA:68,0
DA:69,0
DA:70,0
DA:71,0
LF:31
LH:0
end_of_record
SF:lib/modules/color_picker/color_picker_screen.dart
DA:11,0
DA:12,0
DA:13,0
DA:17,0
DA:19,0
DA:22,0
DA:24,0
DA:27,0
DA:30,0
DA:32,0
DA:35,0
DA:37,0
DA:39,0
DA:42,0
DA:53,0
DA:59,0
DA:69,0
DA:73,0
DA:83,0
DA:84,0
DA:106,0
LF:21
LH:0
end_of_record
SF:lib/modules/custom_paint/custom_paint_screen.dart
DA:7,0
DA:9,0
DA:10,0
DA:18,0
DA:20,0
DA:23,0
DA:25,0
DA:27,0
DA:28,0
DA:29,0
DA:30,0
DA:32,0
DA:33,0
DA:34,0
DA:35,0
DA:36,0
DA:37,0
DA:39,0
DA:40,0
DA:41,0
DA:42,0
DA:43,0
DA:44,0
DA:45,0
DA:47,0
DA:48,0
DA:49,0
DA:50,0
DA:51,0
DA:52,0
DA:53,0
DA:55,0
DA:57,0
DA:58,0
DA:59,0
DA:64,0
DA:66,0
DA:67,0
DA:68,0
DA:69,0
DA:74,0
DA:75,0
DA:76,0
DA:77,0
DA:80,0
DA:81,0
DA:82,0
DA:83,0
DA:87,0
DA:88,0
DA:89,0
DA:90,0
DA:91,0
DA:95,0
DA:96,0
DA:97,0
DA:98,0
LF:57
LH:0
end_of_record
SF:lib/modules/custom_scroll/custom_scroll_screen.dart
DA:8,0
DA:9,0
DA:10,0
DA:14,0
DA:16,0
DA:19,0
DA:21,0
DA:24,0
DA:26,0
DA:28,0
DA:29,0
DA:30,0
DA:32,0
DA:33,0
DA:34,0
DA:35,0
DA:36,0
DA:38,0
DA:42,0
DA:43,0
DA:44,0
DA:45,0
DA:47,0
DA:48,0
DA:49,0
DA:61,0
DA:63,0
DA:64,0
DA:65,0
DA:69,0
DA:70,0
DA:71,0
DA:72,0
DA:73,0
DA:74,0
DA:75,0
DA:78,0
DA:85,0
DA:90,0
DA:91,0
DA:92,0
DA:97,0
DA:98,0
DA:101,0
DA:102,0
DA:105,0
DA:106,0
DA:117,0
LF:48
LH:0
end_of_record
SF:lib/modules/drag_target/drag_target_screen.dart
DA:5,0
DA:6,0
DA:7,0
DA:16,0
DA:18,0
DA:21,0
DA:23,0
DA:26,0
DA:28,0
DA:30,0
DA:31,0
DA:32,0
DA:34,0
DA:36,0
DA:38,0
DA:39,0
DA:40,0
DA:45,0
DA:46,0
DA:47,0
DA:49,0
DA:50,0
DA:51,0
DA:53,0
DA:56,0
DA:59,0
DA:65,0
DA:66,0
DA:69,0
DA:70,0
DA:71,0
DA:72,0
DA:73,0
DA:74,0
DA:75,0
DA:76,0
DA:77,0
DA:78,0
DA:79,0
DA:80,0
LF:40
LH:0
end_of_record
SF:lib/modules/drop_refresh_control/drop_refresh_screen.dart
DA:6,0
DA:7,0
DA:11,0
DA:13,0
DA:14,0
DA:15,0
DA:16,0
DA:17,0
DA:18,0
DA:19,0
DA:20,0
DA:22,0
DA:25,0
DA:28,0
DA:29,0
DA:30,0
DA:31,0
DA:32,0
DA:35,0
LF:19
LH:0
end_of_record
SF:lib/modules/excel/excel_screen.dart
DA:10,0
DA:12,0
DA:13,0
DA:20,0
DA:22,0
DA:23,0
DA:26,0
DA:27,0
DA:29,0
DA:36,0
DA:38,0
DA:39,0
DA:42,0
DA:43,0
DA:45,0
DA:49,0
DA:50,0
DA:51,0
DA:52,0
DA:53,0
DA:54,0
DA:55,0
DA:60,0
DA:62,0
DA:63,0
DA:64,0
DA:66,0
DA:67,0
DA:70,0
DA:71,0
DA:72,0
DA:74,0
DA:77,0
DA:80,0
DA:83,0
DA:84,0
DA:89,0
DA:91,0
DA:92,0
DA:95,0
DA:96,0
DA:99,0
DA:100,0
DA:106,0
DA:108,0
DA:109,0
DA:112,0
DA:116,0
DA:117,0
DA:118,0
DA:119,0
DA:122,0
DA:124,0
DA:125,0
DA:127,0
DA:128,0
DA:130,0
DA:134,0
DA:136,0
DA:138,0
DA:139,0
DA:140,0
DA:141,0
DA:142,0
DA:143,0
DA:147,0
DA:148,0
DA:149,0
DA:150,0
DA:151,0
DA:153,0
DA:155,0
LF:72
LH:0
end_of_record
SF:lib/modules/graphics/graphics_screen.dart
DA:7,0
DA:8,0
DA:9,0
DA:13,0
DA:15,0
DA:18,0
DA:20,0
DA:23,0
DA:25,0
DA:27,0
DA:30,0
DA:37,0
DA:38,0
LF:13
LH:0
end_of_record
SF:lib/modules/indicator/indicator_example_screen.dart
DA:9,0
DA:11,0
DA:12,0
DA:42,0
DA:44,0
DA:45,0
DA:46,0
DA:47,0
DA:48,0
DA:49,0
DA:50,0
DA:51,0
DA:53,0
DA:54,0
LF:14
LH:0
end_of_record
SF:lib/modules/indicator/pages/arrow_down_indicator_page.dart
DA:10,0
DA:15,0
DA:16,0
DA:21,0
DA:23,0
DA:26,0
DA:28,0
DA:29,0
DA:30,0
DA:31,0
DA:33,0
DA:36,0
DA:39,0
LF:13
LH:0
end_of_record
SF:lib/modules/indicator/pages/drop_water_indicator.dart
DA:9,0
DA:11,0
DA:12,0
DA:15,0
DA:17,0
DA:18,0
DA:19,0
DA:20,0
DA:23,0
DA:34,0
DA:40,0
DA:42,0
DA:44,0
DA:45,0
DA:55,0
DA:57,0
DA:59,0
DA:61,0
DA:62,0
DA:63,0
DA:65,0
DA:68,0
DA:71,0
DA:72,0
DA:73,0
DA:77,0
DA:79,0
DA:80,0
DA:84,0
DA:87,0
DA:89,0
LF:31
LH:0
end_of_record
SF:lib/modules/indicator/pages/drop_water_lottie_refresh_indicator_page.dart
DA:8,0
DA:10,0
DA:12,0
DA:18,0
DA:20,0
DA:22,0
DA:24,0
DA:25,0
DA:29,0
DA:31,0
DA:32,0
DA:34,0
DA:35,0
DA:37,0
DA:39,0
LF:15
LH:0
end_of_record
SF:lib/modules/indicator/pages/fetch_more_indicator_page.dart
DA:7,0
DA:9,0
DA:10,0
DA:16,0
DA:18,0
DA:20,0
DA:22,0
DA:23,0
DA:27,0
DA:29,0
DA:30,0
DA:31,0
DA:32,0
DA:39,0
LF:14
LH:0
end_of_record
SF:lib/modules/indicator/pages/home_refresh_indicator_page.dart
DA:11,0
DA:16,0
DA:17,0
DA:22,0
DA:24,0
DA:28,0
DA:30,0
DA:31,0
DA:32,0
DA:33,0
DA:36,0
DA:37,0
DA:38,0
LF:13
LH:0
end_of_record
SF:lib/modules/indicator/pages/ice_cream_indicator.dart
DA:11,0
DA:17,0
DA:18,0
DA:28,0
DA:30,0
DA:34,0
DA:37,0
DA:39,0
DA:40,0
DA:41,0
DA:43,0
DA:45,0
DA:48,0
DA:49,0
DA:50,0
DA:52,0
DA:53,0
DA:54,0
DA:55,0
DA:56,0
DA:59,0
DA:60,0
DA:61,0
DA:62,0
DA:64,0
DA:65,0
DA:66,0
DA:67,0
DA:68,0
DA:69,0
DA:71,0
DA:72,0
DA:73,0
DA:74,0
DA:75,0
DA:76,0
DA:82,0
DA:84,0
DA:86,0
DA:88,0
DA:99,0
DA:100,0
DA:101,0
DA:102,0
DA:115,0
DA:117,0
DA:118,0
LF:47
LH:0
end_of_record
SF:lib/modules/log/log_screen.dart
DA:13,0
DA:14,0
DA:15,0
DA:21,0
DA:23,0
DA:26,0
DA:28,0
DA:31,0
DA:32,0
DA:33,0
DA:36,0
DA:37,0
DA:38,0
DA:40,0
DA:48,0
DA:51,0
DA:52,0
DA:53,0
DA:54,0
DA:56,0
DA:59,0
DA:61,0
DA:64,0
DA:72,0
DA:73,0
DA:76,0
DA:79,0
DA:80,0
DA:81,0
DA:82,0
DA:83,0
DA:86,0
DA:90,0
DA:92,0
DA:93,0
DA:94,0
DA:95,0
DA:96,0
DA:99,0
DA:100,0
DA:103,0
DA:104,0
DA:106,0
DA:114,0
DA:120,0
DA:131,0
DA:133,0
DA:134,0
DA:136,0
DA:137,0
DA:138,0
DA:139,0
DA:140,0
DA:141,0
DA:142,0
DA:143,0
DA:149,0
DA:150,0
DA:151,0
DA:152,0
DA:153,0
DA:154,0
DA:155,0
DA:157,0
DA:158,0
DA:160,0
DA:161,0
DA:175,0
DA:177,0
DA:182,0
DA:184,0
DA:186,0
DA:188,0
DA:189,0
DA:190,0
DA:194,0
DA:195,0
DA:196,0
DA:197,0
DA:198,0
DA:202,0
DA:203,0
DA:252,0
DA:255,0
DA:259,0
DA:264,0
LF:86
LH:0
end_of_record
SF:lib/modules/login/page/login_screen.dart
DA:11,0
DA:13,0
DA:14,0
DA:23,0
DA:25,0
DA:26,0
DA:27,0
DA:28,0
DA:29,0
DA:30,0
DA:31,0
DA:32,0
DA:33,0
DA:34,0
DA:35,0
DA:36,0
DA:38,0
DA:39,0
DA:40,0
DA:43,0
DA:44,0
DA:46,0
DA:47,0
DA:48,0
DA:49,0
DA:54,0
DA:55,0
DA:56,0
DA:57,0
DA:58,0
DA:60,0
LF:31
LH:0
end_of_record
SF:lib/modules/map/map_screen.dart
DA:11,0
DA:12,0
DA:19,0
DA:21,0
DA:22,0
DA:23,0
DA:24,0
DA:26,0
DA:29,0
DA:30,0
DA:31,0
DA:33,0
DA:35,0
DA:36,0
DA:37,0
DA:39,0
DA:40,0
DA:42,0
DA:43,0
DA:45,0
DA:46,0
DA:48,0
DA:50,0
DA:59,0
DA:60,0
DA:63,0
DA:64,0
DA:65,0
DA:66,0
DA:68,0
DA:69,0
DA:71,0
DA:73,0
DA:85,0
DA:88,0
DA:91,0
DA:92,0
DA:93,0
DA:95,0
DA:98,0
DA:99,0
DA:100,0
DA:101,0
DA:103,0
DA:107,0
DA:109,0
DA:111,0
DA:115,0
DA:120,0
DA:123,0
DA:126,0
DA:127,0
DA:128,0
DA:130,0
DA:131,0
DA:132,0
DA:133,0
DA:134,0
DA:135,0
DA:137,0
DA:138,0
DA:139,0
DA:140,0
DA:145,0
DA:148,0
DA:149,0
DA:150,0
DA:151,0
DA:153,0
DA:154,0
DA:161,0
DA:163,0
DA:164,0
DA:165,0
DA:166,0
DA:170,0
DA:172,0
DA:174,0
DA:184,0
DA:190,0
DA:191,0
LF:81
LH:0
end_of_record
SF:lib/modules/material/component/component_material_mixi.dart
DA:8,0
DA:13,0
DA:14,0
DA:15,0
DA:16,0
DA:18,0
DA:19,0
DA:21,0
DA:23,0
DA:25,0
DA:31,0
DA:32,0
DA:34,0
DA:36,0
DA:38,0
LF:15
LH:0
end_of_record
SF:lib/modules/material/component/material_badge.dart
DA:10,0
DA:12,0
DA:13,0
DA:17,0
DA:19,0
DA:22,0
DA:24,0
DA:27,0
DA:29,0
DA:30,0
DA:31,0
DA:32,0
DA:33,0
DA:34,0
DA:37,0
DA:38,0
DA:40,0
DA:41,0
DA:44,0
DA:47,0
DA:48,0
DA:54,0
DA:56,0
DA:57,0
DA:60,0
DA:63,0
DA:64,0
DA:65,0
DA:66,0
DA:69,0
LF:30
LH:0
end_of_record
SF:lib/modules/material/component/material_bottom_app_bar.dart
DA:10,0
DA:12,0
DA:13,0
DA:17,0
DA:19,0
DA:22,0
DA:24,0
DA:27,0
DA:29,0
DA:30,0
DA:31,0
DA:32,0
DA:33,0
DA:34,0
DA:37,0
DA:38,0
DA:39,0
DA:41,0
DA:42,0
DA:43,0
DA:44,0
DA:48,0
DA:50,0
DA:55,0
DA:56,0
DA:59,0
DA:75,0
DA:76,0
DA:77,0
DA:81,0
DA:83,0
DA:88,0
DA:89,0
DA:92,0
DA:108,0
DA:109,0
DA:110,0
DA:114,0
DA:116,0
DA:121,0
DA:122,0
DA:125,0
DA:141,0
DA:142,0
DA:143,0
DA:147,0
DA:149,0
DA:154,0
DA:155,0
DA:158,0
DA:174,0
DA:175,0
DA:176,0
DA:180,0
DA:182,0
DA:187,0
DA:188,0
DA:191,0
DA:198,0
DA:201,0
DA:204,0
DA:215,0
DA:220,0
DA:225,0
DA:226,0
DA:229,0
DA:232,0
DA:233,0
DA:234,0
DA:235,0
DA:238,0
LF:71
LH:0
end_of_record
SF:lib/modules/material/component/material_bottom_sheet.dart
DA:19,0
DA:21,0
DA:22,0
DA:26,0
DA:28,0
DA:31,0
DA:33,0
DA:36,0
DA:38,0
DA:39,0
DA:40,0
DA:41,0
DA:42,0
DA:43,0
DA:44,0
DA:47,0
DA:50,0
DA:51,0
DA:56,0
DA:57,0
DA:58,0
DA:59,0
DA:61,0
DA:62,0
DA:64,0
DA:65,0
DA:66,0
DA:68,0
DA:69,0
DA:74,0
DA:76,0
DA:78,0
DA:79,0
DA:81,0
DA:86,0
DA:87,0
DA:89,0
DA:94,0
DA:95,0
DA:97,0
DA:102,0
DA:103,0
DA:105,0
DA:110,0
DA:111,0
DA:113,0
DA:118,0
DA:119,0
DA:121,0
DA:126,0
DA:127,0
DA:129,0
DA:134,0
DA:135,0
DA:137,0
DA:156,0
DA:159,0
DA:160,0
DA:163,0
DA:166,0
DA:167,0
DA:173,0
DA:174,0
DA:176,0
DA:177,0
DA:178,0
DA:179,0
DA:188,0
DA:191,0
DA:192,0
DA:195,0
DA:198,0
DA:199,0
DA:203,0
DA:208,0
DA:211,0
DA:212,0
DA:215,0
DA:218,0
DA:219,0
DA:223,0
DA:225,0
DA:226,0
DA:227,0
DA:228,0
DA:230,0
DA:231,0
DA:232,0
DA:233,0
DA:234,0
DA:235,0
DA:236,0
DA:237,0
DA:238,0
DA:239,0
DA:240,0
DA:242,0
DA:243,0
DA:246,0
DA:248,0
DA:249,0
DA:250,0
DA:251,0
DA:252,0
DA:253,0
DA:254,0
DA:255,0
DA:256,0
DA:257,0
DA:258,0
DA:260,0
DA:261,0
DA:271,0
LF:113
LH:0
end_of_record
SF:lib/modules/material/component/material_button_detail.dart
DA:11,0
DA:13,0
DA:14,0
DA:18,0
DA:20,0
DA:23,0
DA:25,0
DA:28,0
DA:30,0
DA:31,0
DA:32,0
DA:33,0
DA:34,0
DA:36,0
DA:37,0
DA:38,0
DA:41,0
DA:43,0
DA:45,0
DA:46,0
DA:48,0
DA:49,0
DA:50,0
DA:53,0
DA:54,0
DA:58,0
DA:63,0
DA:64,0
DA:66,0
DA:68,0
DA:70,0
DA:71,0
DA:72,0
DA:73,0
DA:75,0
DA:77,0
DA:78,0
DA:79,0
DA:84,0
DA:85,0
DA:89,0
DA:96,0
DA:97,0
DA:100,0
DA:102,0
DA:104,0
DA:105,0
DA:109,0
DA:113,0
DA:114,0
DA:118,0
DA:119,0
DA:124,0
DA:125,0
DA:127,0
DA:129,0
DA:131,0
DA:132,0
DA:133,0
DA:134,0
DA:136,0
DA:140,0
DA:145,0
DA:146,0
DA:147,0
DA:151,0
DA:152,0
DA:159,0
DA:160,0
DA:163,0
DA:165,0
DA:167,0
DA:168,0
DA:172,0
DA:176,0
DA:177,0
DA:181,0
DA:182,0
DA:187,0
DA:188,0
DA:190,0
DA:192,0
DA:194,0
DA:195,0
DA:196,0
DA:197,0
DA:199,0
DA:203,0
DA:208,0
DA:209,0
DA:210,0
DA:214,0
DA:215,0
DA:222,0
DA:223,0
DA:226,0
DA:228,0
DA:230,0
DA:231,0
DA:233,0
DA:235,0
DA:239,0
DA:240,0
DA:244,0
DA:249,0
DA:250,0
DA:252,0
DA:254,0
DA:256,0
DA:257,0
DA:258,0
DA:259,0
DA:261,0
DA:263,0
DA:264,0
DA:265,0
DA:271,0
DA:272,0
DA:276,0
DA:283,0
DA:284,0
DA:287,0
DA:289,0
DA:291,0
DA:292,0
DA:294,0
DA:296,0
DA:300,0
DA:301,0
DA:305,0
DA:310,0
DA:311,0
DA:313,0
DA:315,0
DA:317,0
DA:318,0
DA:319,0
DA:320,0
DA:322,0
DA:324,0
DA:325,0
DA:326,0
DA:332,0
DA:333,0
DA:337,0
LF:145
LH:0
end_of_record
SF:lib/modules/material/component/material_checkbox/material_checkbox_detail.dart
DA:8,0
DA:10,0
DA:11,0
DA:17,0
DA:19,0
DA:22,0
DA:24,0
DA:27,0
DA:29,0
DA:30,0
DA:31,0
DA:32,0
DA:33,0
DA:34,0
DA:37,0
DA:39,0
DA:41,0
DA:42,0
DA:43,0
DA:45,0
DA:46,0
DA:48,0
DA:63,0
DA:64,0
DA:65,0
DA:66,0
DA:67,0
DA:74,0
DA:75,0
DA:77,0
DA:79,0
DA:80,0
DA:81,0
DA:82,0
DA:83,0
DA:91,0
DA:92,0
DA:93,0
DA:94,0
DA:98,0
LF:40
LH:0
end_of_record
SF:lib/modules/material/component/material_chip_screen.dart
DA:10,0
DA:12,0
DA:13,0
DA:22,0
DA:24,0
DA:27,0
DA:29,0
DA:32,0
DA:34,0
DA:35,0
DA:36,0
DA:37,0
DA:38,0
DA:40,0
DA:41,0
DA:42,0
DA:43,0
DA:44,0
DA:46,0
DA:47,0
DA:48,0
DA:49,0
DA:51,0
DA:54,0
DA:56,0
DA:57,0
DA:58,0
DA:60,0
DA:61,0
DA:64,0
DA:66,0
DA:67,0
DA:68,0
DA:70,0
DA:76,0
DA:77,0
DA:78,0
DA:80,0
DA:83,0
DA:85,0
DA:86,0
DA:87,0
DA:89,0
DA:90,0
DA:93,0
DA:95,0
DA:96,0
DA:97,0
DA:99,0
DA:104,0
DA:105,0
DA:106,0
DA:108,0
DA:111,0
DA:113,0
DA:114,0
DA:115,0
DA:117,0
DA:118,0
DA:121,0
DA:123,0
DA:124,0
DA:125,0
DA:127,0
DA:132,0
DA:133,0
DA:134,0
DA:136,0
DA:139,0
DA:141,0
DA:142,0
DA:143,0
DA:145,0
DA:146,0
DA:149,0
DA:151,0
DA:152,0
DA:153,0
DA:155,0
LF:79
LH:0
end_of_record
SF:lib/modules/material/component/material_floating_button.dart
DA:9,0
DA:11,0
DA:12,0
DA:17,0
DA:19,0
DA:22,0
DA:24,0
DA:27,0
DA:29,0
DA:30,0
DA:31,0
DA:32,0
DA:33,0
DA:35,0
DA:36,0
DA:37,0
DA:38,0
DA:39,0
DA:41,0
DA:42,0
DA:43,0
DA:44,0
DA:46,0
DA:49,0
DA:50,0
DA:51,0
DA:53,0
DA:56,0
DA:58,0
DA:59,0
DA:60,0
DA:62,0
DA:63,0
DA:65,0
DA:66,0
DA:67,0
DA:73,0
DA:74,0
DA:75,0
DA:77,0
DA:80,0
DA:82,0
DA:83,0
DA:84,0
DA:86,0
DA:87,0
DA:89,0
DA:90,0
DA:91,0
DA:97,0
DA:98,0
DA:99,0
DA:101,0
DA:104,0
DA:106,0
DA:107,0
DA:108,0
DA:110,0
DA:111,0
DA:113,0
DA:114,0
DA:115,0
DA:121,0
DA:122,0
DA:123,0
DA:125,0
DA:128,0
DA:130,0
DA:131,0
DA:132,0
DA:134,0
DA:135,0
DA:137,0
DA:138,0
DA:139,0
DA:149,0
DA:150,0
DA:151,0
DA:152,0
DA:154,0
DA:155,0
DA:156,0
DA:157,0
DA:159,0
DA:162,0
DA:163,0
DA:164,0
DA:166,0
DA:169,0
DA:171,0
DA:172,0
DA:173,0
DA:175,0
DA:176,0
DA:177,0
DA:178,0
DA:179,0
DA:185,0
DA:186,0
DA:187,0
DA:189,0
DA:192,0
DA:194,0
DA:195,0
DA:196,0
DA:198,0
DA:199,0
DA:200,0
DA:201,0
DA:202,0
DA:208,0
DA:209,0
DA:210,0
DA:212,0
DA:215,0
DA:217,0
DA:218,0
DA:219,0
DA:221,0
DA:222,0
DA:223,0
DA:224,0
DA:225,0
DA:231,0
DA:232,0
DA:233,0
DA:235,0
DA:238,0
DA:240,0
DA:241,0
DA:242,0
DA:244,0
DA:245,0
DA:246,0
DA:247,0
DA:248,0
DA:258,0
DA:259,0
DA:260,0
DA:261,0
DA:263,0
DA:264,0
DA:265,0
DA:266,0
DA:268,0
DA:271,0
DA:272,0
DA:273,0
DA:275,0
DA:278,0
DA:280,0
DA:281,0
DA:282,0
DA:284,0
DA:285,0
DA:286,0
DA:287,0
DA:288,0
DA:294,0
DA:295,0
DA:296,0
DA:298,0
DA:301,0
DA:303,0
DA:304,0
DA:305,0
DA:307,0
DA:308,0
DA:309,0
DA:310,0
DA:311,0
DA:317,0
DA:318,0
DA:319,0
DA:321,0
DA:324,0
DA:326,0
DA:327,0
DA:328,0
DA:330,0
DA:331,0
DA:332,0
DA:333,0
DA:334,0
DA:340,0
DA:341,0
DA:342,0
DA:344,0
DA:347,0
DA:349,0
DA:350,0
DA:351,0
DA:353,0
DA:354,0
DA:355,0
DA:356,0
DA:357,0
DA:367,0
DA:368,0
DA:369,0
DA:370,0
DA:372,0
DA:373,0
DA:374,0
DA:375,0
DA:377,0
DA:380,0
DA:381,0
DA:382,0
DA:384,0
DA:387,0
DA:389,0
DA:390,0
DA:391,0
DA:393,0
DA:394,0
DA:397,0
DA:398,0
DA:399,0
DA:404,0
DA:405,0
DA:406,0
DA:408,0
DA:411,0
DA:413,0
DA:414,0
DA:415,0
DA:417,0
DA:418,0
DA:421,0
DA:422,0
DA:423,0
DA:428,0
DA:429,0
DA:430,0
DA:432,0
DA:435,0
DA:437,0
DA:438,0
DA:439,0
DA:441,0
DA:442,0
DA:445,0
DA:446,0
DA:447,0
DA:452,0
DA:453,0
DA:454,0
DA:456,0
DA:459,0
DA:461,0
DA:462,0
DA:463,0
DA:465,0
DA:466,0
DA:469,0
DA:470,0
DA:471,0
LF:258
LH:0
end_of_record
SF:lib/modules/material/component/material_icon_button_screen.dart
DA:16,0
DA:18,0
DA:19,0
DA:24,0
DA:26,0
DA:29,0
DA:31,0
DA:34,0
DA:36,0
DA:37,0
DA:38,0
DA:39,0
DA:40,0
DA:41,0
DA:42,0
DA:43,0
DA:47,0
DA:48,0
DA:49,0
DA:62,0
DA:63,0
DA:64,0
DA:66,0
DA:67,0
DA:68,0
DA:73,0
DA:74,0
DA:76,0
DA:77,0
DA:78,0
DA:80,0
DA:81,0
DA:85,0
DA:89,0
DA:90,0
DA:91,0
DA:92,0
DA:96,0
DA:97,0
DA:98,0
DA:111,0
DA:112,0
DA:113,0
DA:115,0
DA:116,0
DA:117,0
DA:122,0
DA:123,0
DA:125,0
DA:126,0
DA:127,0
DA:129,0
DA:130,0
DA:131,0
DA:133,0
DA:139,0
DA:144,0
DA:145,0
DA:146,0
DA:147,0
DA:151,0
DA:152,0
DA:153,0
DA:166,0
DA:167,0
DA:168,0
DA:170,0
DA:171,0
DA:172,0
DA:177,0
DA:178,0
DA:180,0
DA:181,0
DA:182,0
DA:184,0
DA:185,0
DA:186,0
DA:188,0
DA:194,0
DA:199,0
DA:200,0
DA:203,0
DA:206,0
DA:207,0
DA:211,0
DA:212,0
DA:213,0
DA:226,0
DA:227,0
DA:228,0
DA:230,0
DA:231,0
DA:232,0
DA:237,0
DA:238,0
DA:240,0
DA:241,0
DA:242,0
DA:244,0
DA:245,0
DA:246,0
DA:248,0
DA:256,0
DA:259,0
DA:260,0
DA:263,0
DA:266,0
DA:267,0
DA:271,0
DA:272,0
DA:273,0
DA:286,0
DA:287,0
DA:288,0
DA:290,0
DA:291,0
DA:292,0
DA:297,0
DA:298,0
DA:300,0
DA:301,0
DA:302,0
DA:304,0
DA:305,0
DA:306,0
DA:308,0
DA:316,0
DA:319,0
DA:320,0
DA:323,0
DA:326,0
DA:327,0
DA:331,0
DA:332,0
DA:333,0
DA:346,0
DA:347,0
DA:348,0
DA:350,0
DA:351,0
DA:352,0
DA:357,0
DA:358,0
DA:360,0
DA:361,0
DA:362,0
DA:364,0
DA:365,0
DA:366,0
DA:368,0
DA:376,0
LF:151
LH:0
end_of_record
SF:lib/modules/material/component/material_lists/example/fade_search_header_example.dart
DA:6,0
DA:8,0
DA:9,0
DA:17,0
DA:18,0
DA:19,0
DA:21,0
DA:22,0
DA:23,0
DA:28,0
DA:29,0
DA:30,0
DA:31,0
DA:32,0
DA:33,0
DA:39,0
DA:41,0
DA:42,0
DA:45,0
DA:47,0
DA:48,0
DA:49,0
DA:52,0
DA:54,0
DA:56,0
DA:57,0
DA:59,0
DA:60,0
DA:61,0
DA:62,0
DA:63,0
DA:64,0
DA:65,0
DA:67,0
DA:69,0
DA:72,0
DA:76,0
DA:77,0
DA:78,0
DA:79,0
DA:99,0
DA:109,0
DA:110,0
DA:112,0
DA:113,0
DA:115,0
DA:117,0
DA:118,0
DA:120,0
DA:122,0
DA:124,0
DA:125,0
DA:129,0
DA:130,0
DA:131,0
DA:133,0
DA:137,0
DA:138,0
DA:140,0
DA:142,0
DA:145,0
DA:146,0
DA:147,0
DA:148,0
DA:149,0
DA:152,0
DA:153,0
DA:154,0
DA:168,0
LF:69
LH:0
end_of_record
SF:lib/modules/material/component/material_lists/example/header_animation_page.dart
DA:5,0
DA:7,0
DA:9,0
DA:10,0
DA:11,0
DA:12,0
DA:13,0
DA:15,0
DA:18,0
DA:19,0
DA:20,0
DA:22,0
DA:24,0
DA:26,0
DA:27,0
DA:28,0
DA:29,0
DA:37,0
DA:39,0
DA:41,0
DA:54,0
DA:55,0
DA:56,0
LF:23
LH:0
end_of_record
SF:lib/modules/material/component/material_lists/example/masonry_sliver_grid_page.dart
DA:4,0
DA:7,2
DA:9,0
DA:11,0
DA:13,0
DA:14,0
DA:15,0
DA:16,0
DA:24,0
DA:28,0
DA:29,0
DA:30,0
DA:31,0
DA:33,0
DA:34,0
DA:35,0
DA:37,0
DA:38,0
LF:18
LH:1
end_of_record
SF:lib/modules/material/component/material_lists/example/scroll_spy_sliver_view_example.dart
DA:5,0
DA:7,0
DA:9,0
DA:10,0
DA:11,0
DA:13,0
DA:14,0
DA:15,0
DA:17,0
DA:19,0
DA:21,0
DA:23,0
DA:25,0
DA:27,0
DA:29,0
LF:15
LH:0
end_of_record
SF:lib/modules/material/component/material_lists/example/sliver_animation_list_wrapper_example.dart
DA:5,0
DA:6,0
DA:8,0
DA:15,0
DA:16,0
DA:17,0
DA:20,0
DA:22,0
DA:23,0
DA:24,0
DA:25,0
DA:26,0
DA:27,0
DA:28,0
DA:29,0
DA:30,0
DA:31,0
DA:34,0
DA:35,0
DA:37,0
DA:38,0
DA:39,0
LF:22
LH:0
end_of_record
SF:lib/modules/material/component/material_lists/example/sliver_collapse_FAB_example.dart
DA:5,0
DA:7,0
DA:8,0
DA:9,0
DA:12,0
DA:13,0
DA:14,0
DA:16,0
DA:17,0
DA:20,0
DA:22,0
DA:23,0
DA:24,0
DA:26,0
DA:29,0
DA:30,0
DA:31,0
LF:17
LH:0
end_of_record
SF:lib/modules/material/component/material_lists/example/sliver_effects_page.dart
DA:5,0
DA:7,0
DA:8,0
DA:14,0
DA:16,0
DA:17,0
DA:21,0
DA:22,0
DA:23,0
DA:25,0
DA:26,0
DA:30,0
DA:43,0
DA:44,0
DA:47,0
DA:55,0
DA:56,0
DA:61,0
DA:70,0
DA:71,0
DA:72,0
LF:21
LH:0
end_of_record
SF:lib/modules/material/component/material_lists/example/sliver_empty_state.dart
DA:4,0
DA:8,0
DA:10,0
DA:11,0
DA:12,0
DA:13,0
DA:25,0
DA:26,0
DA:28,0
DA:31,0
DA:32,0
DA:33,0
DA:42,0
DA:43,0
DA:44,0
LF:15
LH:0
end_of_record
SF:lib/modules/material/component/material_lists/example/sliver_map_preview_example.dart
DA:6,0
DA:8,0
DA:10,0
DA:11,0
DA:12,0
DA:13,0
DA:31,0
DA:33,0
DA:39,0
DA:40,0
DA:41,0
DA:42,0
LF:12
LH:0
end_of_record
SF:lib/modules/material/component/material_lists/example/sliver_onboarding_with_content_example.dart
DA:5,0
DA:7,0
DA:9,0
DA:10,0
DA:16,0
DA:22,0
DA:30,0
DA:31,0
DA:32,0
DA:33,0
DA:37,0
DA:38,0
DA:39,0
DA:40,0
DA:41,0
LF:15
LH:0
end_of_record
SF:lib/modules/material/component/material_lists/example/sliver_parallax_sticky_page.dart
DA:5,0
DA:7,0
DA:10,0
DA:11,0
DA:12,0
DA:14,0
DA:23,0
DA:24,0
DA:32,0
DA:34,0
DA:35,0
DA:49,0
DA:50,0
DA:51,0
DA:52,0
DA:57,0
DA:59,0
DA:60,0
DA:72,0
DA:73,0
DA:74,0
DA:75,0
DA:80,0
DA:82,0
DA:83,0
DA:95,0
DA:96,0
DA:97,0
DA:98,0
DA:103,0
DA:105,0
DA:106,0
DA:118,0
DA:119,0
DA:120,0
DA:121,0
DA:136,0
DA:138,0
DA:139,0
DA:140,0
DA:141,0
DA:143,0
DA:145,0
DA:147,0
DA:151,0
DA:153,0
LF:46
LH:0
end_of_record
SF:lib/modules/material/component/material_lists/example/sliver_pull_torefresh_page.dart
DA:5,0
DA:7,0
DA:8,0
DA:14,0
DA:15,0
DA:18,0
DA:20,0
DA:21,0
DA:22,0
DA:23,0
DA:24,0
DA:25,0
DA:27,0
DA:28,0
DA:32,0
DA:33,0
DA:36,0
DA:38,0
DA:39,0
DA:40,0
DA:42,0
DA:44,0
DA:46,0
DA:48,0
DA:53,0
DA:54,0
DA:55,0
LF:27
LH:0
end_of_record
SF:lib/modules/material/component/material_lists/example/sliver_timeline_page.dart
DA:6,0
DA:8,0
DA:10,0
DA:12,0
DA:13,0
DA:14,0
DA:22,0
DA:28,0
DA:29,0
DA:30,0
DA:31,0
DA:32,0
DA:33,0
DA:34,0
LF:14
LH:0
end_of_record
SF:lib/modules/material/component/material_lists/example/sticky_header_example.dart
DA:5,0
DA:7,0
DA:9,0
DA:10,0
DA:12,0
DA:21,0
DA:24,0
DA:30,0
DA:31,0
DA:32,0
DA:33,0
LF:11
LH:0
end_of_record
SF:lib/modules/material/component/material_lists/widgets/sliver_appbar_collapsing_header_hero.dart
DA:4,0
DA:6,0
DA:8,0
DA:9,0
DA:10,0
DA:11,0
DA:16,0
DA:17,0
DA:18,0
DA:19,0
DA:21,0
DA:23,0
DA:28,0
DA:30,0
DA:31,0
DA:35,0
DA:38,0
DA:41,0
DA:42,0
DA:68,0
DA:69,0
DA:70,0
LF:22
LH:0
end_of_record
SF:lib/modules/material/component/material_lists/widgets/sliver_appbar_persistent_header_tabbar.dart
DA:4,0
DA:5,0
DA:7,0
DA:20,0
DA:22,0
DA:23,0
DA:26,0
DA:28,0
DA:29,0
DA:32,0
DA:33,0
DA:35,0
DA:36,0
DA:37,0
DA:45,0
DA:47,0
DA:48,0
DA:49,0
DA:50,0
DA:51,0
DA:52,0
DA:55,0
DA:57,0
DA:63,0
DA:65,0
DA:68,0
DA:69,0
DA:70,0
DA:71,0
DA:72,0
DA:73,0
DA:81,0
DA:82,0
DA:85,0
DA:87,0
DA:97,0
DA:99,0
DA:100,0
DA:102,0
DA:103,0
DA:105,0
DA:107,0
DA:110,0
DA:112,0
LF:44
LH:0
end_of_record
SF:lib/modules/material/component/material_lists_screen.dart
DA:13,0
DA:15,0
DA:16,0
DA:66,0
DA:68,0
DA:71,0
DA:73,0
DA:76,0
DA:78,0
DA:79,0
DA:80,0
DA:81,0
DA:82,0
DA:84,0
DA:85,0
DA:86,0
DA:87,0
DA:88,0
DA:89,0
DA:90,0
DA:92,0
DA:94,0
LF:22
LH:0
end_of_record
SF:lib/modules/material/component/material_menus_detail.dart
DA:14,0
DA:16,0
DA:17,0
DA:20,0
DA:21,0
DA:28,0
DA:30,0
DA:33,0
DA:35,0
DA:38,0
DA:40,0
DA:48,0
DA:49,0
DA:50,0
DA:51,0
DA:67,0
DA:68,0
DA:82,2
DA:86,0
DA:88,0
DA:96,0
DA:97,0
DA:98,0
DA:99,0
DA:101,0
DA:102,0
DA:103,0
DA:104,0
DA:105,0
DA:106,0
DA:107,0
DA:108,0
DA:109,0
DA:111,0
DA:119,0
DA:121,0
DA:126,0
DA:128,0
DA:132,0
DA:139,0
DA:140,0
DA:141,0
DA:152,0
DA:153,0
DA:155,0
DA:156,0
DA:157,0
DA:160,0
DA:162,0
DA:163,0
DA:164,0
DA:167,0
DA:169,0
DA:170,0
DA:171,0
DA:174,0
DA:176,0
DA:177,0
DA:178,0
DA:182,0
DA:192,0
DA:193,0
DA:194,0
DA:195,0
DA:196,0
DA:197,0
DA:203,0
DA:219,0
DA:220,0
DA:221,0
DA:222,0
DA:227,0
DA:228,0
DA:230,0
DA:231,0
DA:233,0
DA:234,0
DA:236,0
DA:237,0
DA:243,0
DA:245,0
DA:246,0
DA:252,0
DA:253,0
DA:258,0
DA:260,0
DA:261,0
DA:264,0
DA:265,0
DA:274,0
DA:292,0
DA:296,0
DA:297,0
DA:299,0
DA:301,0
DA:302,0
DA:311,0
DA:312,0
DA:314,0
DA:325,2
DA:329,0
DA:331,0
DA:332,0
DA:335,0
DA:336,0
DA:340,0
DA:341,0
DA:342,0
DA:344,0
DA:345,0
DA:346,0
DA:347,0
DA:350,0
DA:351,0
DA:353,0
DA:354,0
DA:355,0
DA:356,0
DA:358,0
DA:359,0
DA:362,0
DA:364,0
DA:367,0
DA:369,0
DA:372,0
DA:374,0
DA:378,0
DA:379,0
DA:381,0
DA:383,0
DA:384,0
DA:385,0
DA:403,2
DA:405,0
DA:407,0
DA:408,0
DA:419,0
DA:420,0
DA:423,0
DA:426,0
DA:427,0
DA:429,0
DA:431,0
DA:447,0
DA:448,0
DA:449,0
DA:450,0
DA:452,0
DA:453,0
DA:457,0
DA:459,0
DA:460,0
DA:466,0
DA:468,0
DA:469,0
DA:473,0
DA:475,0
DA:476,0
DA:483,0
DA:484,0
DA:486,0
DA:488,0
LF:162
LH:3
end_of_record
SF:lib/modules/material/component/material_navigation_drawer_screen.dart
DA:8,0
DA:10,0
DA:11,0
DA:16,0
DA:18,0
DA:21,0
DA:23,0
DA:26,0
DA:28,0
DA:29,0
DA:30,0
DA:31,0
DA:32,0
DA:33,0
DA:34,0
DA:36,0
DA:37,0
DA:39,0
DA:40,0
DA:41,0
DA:49,0
DA:50,0
DA:52,0
DA:53,0
DA:55,0
DA:57,0
DA:59,0
DA:61,0
DA:63,0
LF:29
LH:0
end_of_record
SF:lib/modules/material/component/material_navigation_rail_screen.dart
DA:9,0
DA:11,0
DA:12,0
DA:17,0
DA:19,0
DA:22,0
DA:24,0
DA:35,0
DA:37,0
DA:38,0
DA:39,0
DA:40,0
DA:41,0
DA:42,0
DA:43,0
DA:44,0
DA:67,0
LF:17
LH:0
end_of_record
SF:lib/modules/material/component/material_progress_indicators.dart
DA:10,0
DA:12,0
DA:13,0
DA:25,0
DA:27,0
DA:32,0
DA:33,0
DA:35,0
DA:37,0
DA:42,0
DA:43,0
DA:45,0
DA:47,0
DA:52,0
DA:53,0
DA:55,0
DA:56,0
DA:59,0
DA:61,0
DA:62,0
DA:63,0
DA:64,0
DA:67,0
DA:69,0
DA:70,0
DA:71,0
DA:72,0
DA:73,0
DA:75,0
DA:76,0
DA:78,0
DA:80,0
DA:81,0
DA:82,0
DA:83,0
DA:85,0
DA:87,0
DA:90,0
DA:91,0
DA:92,0
DA:93,0
DA:95,0
DA:98,0
DA:99,0
DA:100,0
DA:101,0
DA:102,0
DA:103,0
DA:104,0
DA:106,0
DA:107,0
DA:108,0
DA:115,0
DA:117,0
DA:119,0
DA:120,0
DA:121,0
DA:122,0
DA:124,0
DA:125,0
DA:128,0
DA:129,0
DA:130,0
DA:131,0
DA:133,0
DA:136,0
DA:137,0
DA:138,0
DA:139,0
DA:140,0
DA:141,0
DA:142,0
DA:144,0
DA:145,0
DA:146,0
DA:153,0
DA:155,0
DA:157,0
DA:158,0
DA:159,0
DA:160,0
DA:161,0
DA:166,0
DA:167,0
DA:168,0
DA:169,0
DA:171,0
DA:174,0
DA:175,0
DA:176,0
DA:177,0
DA:178,0
DA:179,0
DA:180,0
DA:182,0
DA:183,0
DA:184,0
LF:97
LH:0
end_of_record
SF:lib/modules/material/component/material_searchbar.dart
DA:13,0
DA:15,0
DA:16,0
DA:24,0
DA:28,0
DA:31,0
DA:33,0
DA:36,0
DA:37,0
DA:40,0
DA:43,0
DA:44,0
DA:47,0
DA:49,0
DA:50,0
DA:51,0
DA:52,0
DA:53,0
DA:54,0
DA:55,0
DA:56,0
DA:57,0
DA:58,0
DA:59,0
DA:60,0
DA:61,0
DA:62,0
DA:63,0
DA:75,0
DA:76,0
DA:81,0
DA:82,0
DA:83,0
LF:33
LH:0
end_of_record
SF:lib/modules/material/component/material_side_sheet_screen.dart
DA:16,0
DA:18,0
DA:19,0
DA:24,0
DA:26,0
DA:29,0
DA:31,0
DA:34,0
DA:36,0
DA:37,0
DA:38,0
DA:39,0
DA:40,0
DA:41,0
DA:42,0
DA:45,0
DA:48,0
DA:49,0
DA:53,0
DA:54,0
DA:55,0
DA:68,0
DA:69,0
DA:70,0
DA:72,0
DA:73,0
DA:74,0
DA:79,0
DA:80,0
DA:82,0
DA:83,0
DA:84,0
DA:86,0
DA:87,0
DA:93,0
DA:96,0
DA:97,0
DA:100,0
DA:103,0
DA:104,0
DA:108,0
DA:109,0
DA:110,0
DA:123,0
DA:124,0
DA:125,0
DA:127,0
DA:128,0
DA:129,0
DA:134,0
DA:135,0
DA:137,0
DA:138,0
DA:139,0
DA:141,0
DA:142,0
DA:143,0
DA:145,0
DA:153,0
DA:156,0
DA:157,0
DA:160,0
DA:163,0
DA:164,0
DA:168,0
DA:169,0
DA:170,0
DA:183,0
DA:184,0
DA:185,0
DA:187,0
DA:188,0
DA:189,0
DA:194,0
DA:195,0
DA:197,0
DA:198,0
DA:199,0
DA:201,0
DA:202,0
DA:203,0
DA:205,0
DA:213,0
DA:216,0
DA:217,0
DA:220,0
DA:223,0
DA:224,0
DA:228,0
DA:229,0
DA:230,0
DA:243,0
DA:244,0
DA:245,0
DA:247,0
DA:248,0
DA:249,0
DA:254,0
DA:255,0
DA:257,0
DA:258,0
DA:259,0
DA:261,0
DA:262,0
DA:263,0
DA:265,0
DA:273,0
DA:276,0
DA:277,0
DA:280,0
DA:283,0
DA:284,0
DA:288,0
DA:289,0
DA:290,0
DA:303,0
DA:304,0
DA:305,0
DA:307,0
DA:308,0
DA:309,0
DA:314,0
DA:315,0
DA:317,0
DA:318,0
DA:319,0
DA:321,0
DA:322,0
DA:323,0
DA:325,0
DA:333,0
DA:336,0
DA:337,0
DA:340,0
DA:343,0
DA:344,0
DA:348,0
DA:349,0
DA:350,0
DA:363,0
DA:364,0
DA:365,0
DA:367,0
DA:368,0
DA:369,0
DA:374,0
DA:375,0
DA:377,0
DA:378,0
DA:379,0
DA:381,0
DA:382,0
DA:383,0
DA:385,0
DA:393,0
LF:155
LH:0
end_of_record
SF:lib/modules/material/component/material_switch.dart
DA:7,0
DA:9,0
DA:10,0
DA:15,0
DA:17,0
DA:20,0
DA:22,0
DA:25,0
DA:27,0
DA:28,0
DA:29,0
DA:30,0
DA:31,0
DA:33,0
DA:34,0
DA:35,0
DA:36,0
DA:38,0
DA:39,0
DA:40,0
DA:41,0
DA:42,0
DA:43,0
DA:51,0
DA:52,0
DA:53,0
DA:55,0
DA:56,0
DA:58,0
DA:59,0
DA:60,0
DA:61,0
DA:62,0
LF:33
LH:0
end_of_record
SF:lib/modules/material/component/metarial_card/material_card_detail.dart
DA:13,0
DA:15,0
DA:16,0
DA:20,0
DA:22,0
DA:25,0
DA:27,0
DA:30,0
DA:32,0
DA:33,0
DA:34,0
DA:35,0
DA:36,0
DA:38,0
DA:39,0
DA:41,0
DA:42,0
DA:44,0
DA:45,0
DA:46,0
DA:47,0
DA:49,0
DA:50,0
DA:51,0
DA:52,0
DA:53,0
DA:60,0
DA:62,0
DA:63,0
DA:64,0
DA:66,0
DA:67,0
DA:68,0
DA:69,0
DA:77,0
DA:79,0
DA:80,0
DA:82,0
DA:86,0
DA:87,0
DA:88,0
DA:89,0
DA:90,0
DA:91,0
DA:98,0
DA:99,0
DA:101,0
DA:104,0
DA:106,0
DA:107,0
DA:108,0
DA:109,0
DA:110,0
DA:112,0
DA:113,0
DA:115,0
DA:118,0
DA:119,0
DA:120,0
DA:121,0
DA:126,0
DA:127,0
DA:128,0
DA:129,0
DA:130,0
DA:132,0
DA:133,0
DA:137,0
DA:141,0
DA:142,0
DA:146,0
DA:147,0
DA:149,0
DA:150,0
DA:152,0
DA:156,0
DA:160,0
DA:161,0
DA:165,0
DA:166,0
DA:179,0
DA:181,0
DA:182,0
DA:184,0
DA:190,0
DA:191,0
DA:193,0
DA:194,0
DA:197,0
DA:198,0
DA:199,0
DA:206,0
DA:207,0
DA:208,0
DA:209,0
DA:210,0
DA:211,0
DA:212,0
DA:213,0
DA:214,0
DA:226,0
DA:227,0
LF:102
LH:0
end_of_record
SF:lib/modules/material/component/material_date_picker.dart
DA:10,0
DA:15,0
DA:16,0
DA:23,0
DA:24,0
DA:38,0
DA:43,0
DA:45,0
DA:46,0
DA:49,0
DA:50,0
DA:51,0
DA:57,0
DA:59,0
DA:60,0
DA:63,0
DA:65,0
DA:66,0
DA:67,0
DA:68,0
DA:70,0
DA:72,0
DA:73,0
DA:74,0
DA:80,0
DA:82,0
DA:83,0
DA:84,0
DA:85,0
DA:86,0
DA:87,0
DA:88,0
DA:89,0
DA:93,0
DA:94,0
DA:95,0
DA:96,0
DA:97,0
DA:100,0
DA:102,0
DA:103,0
DA:104,0
DA:105,0
DA:111,0
DA:112,0
DA:115,0
DA:116,0
DA:121,0
DA:122,0
DA:123,0
DA:124,0
DA:125,0
DA:167,0
LF:53
LH:0
end_of_record
SF:lib/modules/material/component/material_slider.dart
DA:11,0
DA:13,0
DA:14,0
DA:20,0
DA:22,0
DA:25,0
DA:27,0
DA:30,0
DA:32,0
DA:33,0
DA:34,0
DA:35,0
DA:36,0
DA:38,0
DA:39,0
DA:41,0
DA:44,0
DA:53,0
DA:55,0
DA:56,0
DA:62,0
DA:63,0
DA:64,0
DA:65,0
DA:74,0
DA:76,0
DA:77,0
DA:82,0
DA:83,0
DA:84,0
DA:94,0
DA:99,0
DA:100,0
DA:105,0
DA:106,0
DA:107,0
DA:108,0
DA:113,0
LF:38
LH:0
end_of_record
SF:lib/modules/material/component/metarial_carousel/metarial_carousel_detail.dart
DA:11,0
DA:13,0
DA:14,0
DA:19,0
DA:21,0
DA:24,0
DA:26,0
DA:29,0
DA:31,0
DA:32,0
DA:33,0
DA:34,0
DA:35,0
DA:37,0
DA:38,0
DA:39,0
DA:40,0
DA:42,0
DA:45,0
DA:47,0
DA:52,0
DA:53,0
DA:55,0
DA:56,0
DA:61,0
DA:66,0
DA:71,0
DA:76,0
DA:84,0
DA:85,0
DA:86,0
DA:88,0
DA:91,0
DA:93,0
DA:98,0
DA:99,0
DA:101,0
DA:102,0
DA:107,0
DA:112,0
DA:117,0
DA:122,0
DA:130,0
DA:132,0
DA:133,0
DA:134,0
DA:137,0
DA:138,0
DA:139,0
DA:141,0
DA:142,0
DA:143,0
DA:149,0
DA:155,0
DA:161,0
DA:169,0
DA:171,0
DA:172,0
DA:203,0
DA:205,0
DA:207,0
DA:208,0
DA:210,0
DA:211,0
DA:212,0
DA:213,0
DA:215,0
DA:216,0
DA:217,0
DA:219,0
DA:220,0
DA:222,0
DA:224,0
DA:230,0
DA:232,0
DA:233,0
DA:234,0
DA:236,0
DA:237,0
DA:238,0
DA:254,0
DA:256,0
DA:258,0
DA:259,0
DA:261,0
DA:262,0
DA:263,0
DA:264,0
DA:267,0
DA:269,0
DA:270,0
DA:271,0
DA:273,0
DA:275,0
DA:276,0
DA:277,0
DA:280,0
DA:282,0
DA:284,0
DA:285,0
DA:286,0
DA:291,0
LF:102
LH:0
end_of_record
SF:lib/modules/material/component/metarial_dialog.dart
DA:19,0
DA:21,0
DA:22,0
DA:26,0
DA:28,0
DA:31,0
DA:33,0
DA:36,0
DA:38,0
DA:39,0
DA:40,0
DA:41,0
DA:42,0
DA:44,0
DA:45,0
DA:47,0
DA:48,0
DA:49,0
DA:52,0
DA:53,0
DA:62,0
DA:63,0
DA:64,0
DA:66,0
DA:67,0
DA:68,0
DA:71,0
DA:72,0
DA:77,0
DA:79,0
DA:81,0
DA:82,0
DA:84,0
DA:89,0
DA:90,0
DA:92,0
DA:97,0
DA:98,0
DA:100,0
DA:105,0
DA:106,0
DA:108,0
DA:113,0
DA:114,0
DA:116,0
DA:121,0
DA:122,0
DA:124,0
DA:129,0
DA:130,0
DA:132,0
DA:137,0
DA:138,0
DA:140,0
DA:150,0
DA:151,0
DA:152,0
DA:154,0
DA:155,0
DA:156,0
DA:159,0
DA:160,0
DA:169,0
DA:170,0
DA:171,0
DA:173,0
DA:174,0
DA:175,0
DA:178,0
DA:179,0
DA:185,0
DA:187,0
DA:189,0
DA:190,0
DA:192,0
DA:197,0
DA:198,0
DA:200,0
DA:205,0
DA:206,0
DA:208,0
DA:213,0
DA:214,0
DA:216,0
DA:221,0
DA:222,0
DA:224,0
DA:229,0
DA:230,0
DA:232,0
DA:237,0
DA:238,0
DA:240,0
DA:245,0
DA:246,0
DA:248,0
DA:258,0
DA:259,0
DA:260,0
DA:262,0
DA:263,0
DA:264,0
DA:267,0
DA:268,0
DA:270,0
DA:275,0
DA:276,0
DA:277,0
DA:279,0
DA:280,0
DA:281,0
DA:284,0
DA:285,0
DA:286,0
DA:290,0
DA:291,0
DA:295,0
DA:296,0
DA:297,0
DA:301,0
DA:302,0
DA:303,0
DA:307,0
DA:308,0
DA:313,0
DA:315,0
DA:317,0
DA:318,0
DA:320,0
DA:321,0
DA:324,0
DA:332,0
DA:333,0
DA:334,0
DA:336,0
DA:337,0
DA:338,0
DA:341,0
DA:342,0
DA:349,0
DA:350,0
DA:351,0
DA:353,0
DA:354,0
DA:355,0
DA:358,0
DA:359,0
DA:360,0
DA:362,0
DA:366,0
DA:367,0
DA:368,0
DA:370,0
DA:371,0
DA:372,0
DA:375,0
DA:376,0
DA:380,0
DA:381,0
DA:382,0
DA:384,0
DA:385,0
DA:386,0
DA:389,0
DA:390,0
DA:394,0
DA:395,0
DA:396,0
DA:398,0
DA:399,0
DA:400,0
DA:403,0
DA:404,0
DA:408,0
DA:409,0
DA:410,0
DA:412,0
DA:413,0
DA:414,0
DA:417,0
DA:418,0
DA:422,0
DA:423,0
LF:183
LH:0
end_of_record
SF:lib/modules/material/component/metarial_divider.dart
DA:9,0
DA:11,0
DA:12,0
DA:18,0
DA:20,0
DA:23,0
DA:25,0
DA:28,0
DA:30,0
DA:31,0
DA:32,0
DA:33,0
DA:34,0
DA:36,0
DA:37,0
DA:38,0
DA:39,0
DA:41,0
DA:44,0
DA:46,0
DA:48,0
DA:53,0
DA:54,0
DA:56,0
DA:57,0
DA:58,0
DA:60,0
DA:63,0
DA:64,0
DA:67,0
DA:69,0
DA:70,0
DA:71,0
DA:73,0
DA:74,0
DA:78,0
DA:80,0
DA:85,0
DA:87,0
DA:88,0
DA:92,0
DA:94,0
DA:99,0
DA:101,0
DA:102,0
DA:106,0
DA:108,0
DA:113,0
DA:115,0
DA:116,0
DA:120,0
DA:122,0
DA:127,0
DA:129,0
DA:130,0
DA:134,0
DA:136,0
DA:141,0
DA:143,0
DA:144,0
LF:60
LH:0
end_of_record
SF:lib/modules/material/component/metarial_radio_button_screen.dart
DA:11,0
DA:14,0
DA:15,0
DA:21,0
DA:23,0
DA:26,0
DA:28,0
DA:31,0
DA:33,0
DA:34,0
DA:35,0
DA:36,0
DA:37,0
DA:38,0
DA:39,0
DA:40,0
DA:41,0
DA:42,0
DA:43,0
DA:44,0
DA:45,0
DA:46,0
DA:47,0
DA:48,0
DA:49,0
DA:50,0
DA:51,0
DA:52,0
DA:54,0
DA:55,0
DA:58,0
DA:59,0
DA:60,0
DA:61,0
DA:62,0
DA:63,0
DA:64,0
DA:65,0
DA:66,0
DA:67,0
DA:68,0
DA:69,0
DA:70,0
DA:71,0
DA:73,0
DA:74,0
DA:75,0
LF:47
LH:0
end_of_record
SF:lib/modules/material/component/metarial_snackbar_screen.dart
DA:10,0
DA:13,0
DA:14,0
DA:20,0
DA:22,0
DA:25,0
DA:27,0
DA:30,0
DA:31,0
DA:32,0
DA:33,0
DA:34,0
DA:37,0
DA:41,0
DA:42,0
DA:43,0
DA:44,0
DA:45,0
DA:46,0
DA:48,0
DA:51,0
DA:52,0
DA:53,0
DA:61,0
DA:66,0
DA:67,0
DA:71,0
DA:73,0
DA:74,0
DA:75,0
DA:76,0
DA:77,0
DA:79,0
DA:80,0
DA:82,0
DA:83,0
DA:85,0
DA:86,0
DA:88,0
DA:96,0
DA:98,0
DA:99,0
DA:101,0
DA:102,0
DA:113,0
DA:115,0
DA:134,0
DA:135,0
DA:136,0
LF:49
LH:0
end_of_record
SF:lib/modules/material/component/metarial_textfield_screen.dart
DA:7,0
DA:9,0
DA:10,0
DA:16,0
DA:18,0
DA:19,0
DA:20,0
DA:21,0
DA:24,0
DA:27,0
DA:29,0
DA:32,0
DA:34,0
DA:35,0
DA:36,0
DA:37,0
DA:38,0
DA:40,0
DA:41,0
DA:42,0
DA:44,0
DA:45,0
DA:47,0
DA:49,0
DA:50,0
DA:55,0
DA:61,0
DA:62,0
DA:63,0
DA:64,0
DA:65,0
DA:78,0
DA:79,0
DA:81,0
DA:82,0
DA:84,0
DA:86,0
DA:87,0
DA:92,0
DA:98,0
DA:99,0
DA:100,0
DA:101,0
DA:102,0
LF:44
LH:0
end_of_record
SF:lib/modules/material/material_screen.dart
DA:12,0
DA:20,2
DA:21,0
DA:22,0
DA:185,0
DA:187,0
DA:190,0
DA:191,0
DA:193,0
DA:194,0
DA:195,0
DA:197,0
DA:198,0
DA:199,0
DA:204,0
DA:206,0
DA:208,0
DA:209,0
DA:211,0
DA:212,0
DA:214,0
DA:215,0
DA:216,0
DA:217,0
DA:218,0
DA:221,0
DA:224,0
DA:225,0
DA:226,0
DA:231,0
DA:233,0
DA:234,0
LF:32
LH:1
end_of_record
SF:lib/modules/material/component/material_time_picker.dart
DA:8,0
DA:18,0
DA:19,0
DA:30,0
DA:31,0
DA:32,0
DA:33,0
DA:38,0
DA:39,0
DA:40,0
DA:41,0
DA:46,0
DA:47,0
DA:48,0
DA:49,0
DA:54,0
DA:55,0
DA:56,0
DA:57,0
DA:62,0
DA:63,0
DA:64,0
DA:65,0
DA:70,0
DA:71,0
DA:74,0
DA:75,0
DA:76,0
DA:80,0
DA:81,0
DA:82,0
DA:86,0
DA:89,0
DA:92,0
DA:94,0
DA:95,0
DA:96,0
DA:97,0
DA:98,0
DA:99,0
DA:100,0
DA:101,0
DA:102,0
DA:104,0
DA:105,0
DA:107,0
DA:109,0
DA:110,0
DA:112,0
DA:114,0
DA:115,0
DA:117,0
DA:119,0
DA:120,0
DA:122,0
DA:124,0
DA:125,0
DA:126,0
DA:127,0
DA:128,0
DA:130,0
DA:132,0
DA:134,0
DA:135,0
DA:142,0
DA:144,0
DA:145,0
DA:154,0
DA:156,0
DA:158,0
DA:159,0
DA:161,0
DA:163,0
DA:164,0
DA:166,0
DA:167,0
DA:168,0
DA:169,0
DA:175,0
DA:176,0
DA:177,0
DA:179,0
DA:180,0
DA:181,0
DA:182,0
DA:183,0
DA:191,0
DA:192,0
DA:197,0
DA:211,0
DA:226,0
DA:228,0
DA:230,0
DA:231,0
DA:233,0
DA:235,0
DA:237,0
DA:238,0
DA:240,0
DA:242,0
DA:243,0
DA:245,0
DA:246,0
DA:247,0
DA:261,0
DA:272,0
DA:274,0
DA:275,0
DA:276,0
DA:277,0
DA:278,0
DA:279,0
DA:281,0
DA:288,0
DA:301,0
DA:302,0
DA:306,0
DA:308,0
DA:310,0
DA:311,0
DA:313,0
DA:314,0
DA:315,0
DA:316,0
DA:319,0
LF:125
LH:0
end_of_record
SF:lib/modules/material/component/material_segmented/material_segmented_screen.dart
DA:10,0
DA:11,0
DA:12,0
DA:22,0
DA:24,0
DA:25,0
DA:26,0
DA:28,0
DA:31,0
DA:33,0
DA:35,0
DA:38,0
DA:39,0
DA:40,0
DA:41,0
DA:42,0
DA:45,0
DA:46,0
DA:56,0
DA:57,0
DA:60,0
DA:61,0
DA:62,0
DA:63,0
DA:64,0
DA:65,0
DA:72,0
DA:74,0
DA:76,0
DA:77,0
DA:78,0
DA:79,0
DA:80,0
DA:81,0
DA:82,0
DA:107,0
DA:108,0
DA:113,0
DA:122,0
DA:124,0
DA:125,0
DA:127,0
DA:129,0
DA:130,0
DA:132,0
DA:133,0
DA:135,0
LF:47
LH:0
end_of_record
SF:lib/modules/material/component/material_segmented/segmented_widget.dart
DA:8,0
DA:15,0
DA:17,0
DA:18,0
DA:19,0
DA:20,0
DA:24,0
DA:27,0
DA:28,0
DA:29,0
DA:38,0
DA:46,0
DA:47,0
DA:48,0
DA:49,0
DA:50,0
DA:54,0
DA:55,0
DA:56,0
DA:57,0
DA:58,0
DA:62,0
DA:63,0
DA:64,0
DA:65,0
DA:66,0
DA:70,0
DA:72,0
DA:76,0
DA:78,0
DA:80,0
DA:81,0
DA:82,0
DA:87,0
DA:88,0
DA:89,0
DA:90,0
DA:91,0
DA:92,0
DA:93,0
DA:94,0
DA:95,0
DA:96,0
DA:97,0
DA:98,0
DA:99,0
DA:100,0
DA:101,0
DA:102,0
LF:49
LH:0
end_of_record
SF:lib/modules/menu/menu_controller.dart
DA:21,0
DA:24,0
DA:25,0
DA:60,0
DA:62,0
DA:64,0
DA:65,0
DA:68,0
DA:69,0
DA:72,0
DA:73,0
DA:74,0
DA:76,0
DA:77,0
DA:78,0
DA:81,0
DA:82,0
DA:83,0
DA:86,0
DA:87,0
DA:91,0
DA:92,0
DA:93,0
DA:95,0
DA:96,0
DA:97,0
DA:101,0
DA:102,0
DA:103,0
DA:104,0
DA:105,0
DA:106,0
DA:107,0
DA:109,0
DA:114,0
DA:115,0
DA:116,0
DA:117,0
DA:118,0
DA:123,0
DA:124,0
DA:125,0
DA:126,0
DA:127,0
DA:128,0
DA:129,0
DA:130,0
DA:131,0
DA:135,0
DA:136,0
DA:140,0
DA:141,0
DA:142,0
DA:146,0
DA:147,0
DA:148,0
DA:150,0
DA:151,0
DA:154,0
DA:155,0
DA:156,0
DA:157,0
DA:159,0
DA:160,0
DA:163,0
DA:164,0
DA:165,0
DA:166,0
DA:168,0
DA:169,0
DA:170,0
DA:173,0
DA:174,0
DA:178,0
DA:179,0
DA:180,0
DA:181,0
DA:182,0
DA:183,0
DA:186,0
DA:188,0
DA:194,0
DA:196,0
DA:197,0
DA:198,0
DA:199,0
DA:200,0
DA:202,0
DA:204,0
DA:205,0
DA:207,0
DA:208,0
DA:209,0
DA:211,0
DA:212,0
DA:213,0
DA:214,0
DA:215,0
DA:221,0
DA:222,0
DA:226,0
DA:231,0
DA:232,0
DA:233,0
DA:234,0
DA:237,0
DA:242,0
DA:243,0
DA:245,0
DA:247,0
DA:248,0
DA:252,0
DA:253,0
DA:254,0
DA:255,0
DA:258,0
DA:259,0
DA:260,0
DA:261,0
DA:264,0
DA:265,0
DA:268,0
DA:270,0
DA:271,0
DA:273,0
DA:276,0
DA:277,0
DA:278,0
DA:279,0
DA:280,0
DA:281,0
DA:283,0
DA:284,0
DA:293,0
DA:294,0
DA:299,0
DA:300,0
DA:302,0
DA:303,0
DA:305,0
DA:306,0
DA:309,0
DA:310,0
DA:311,0
DA:312,0
DA:313,0
DA:314,0
DA:315,0
DA:317,0
DA:320,0
DA:321,0
DA:323,0
DA:325,0
DA:332,0
DA:333,0
DA:334,0
DA:335,0
DA:336,0
DA:337,0
DA:339,0
DA:341,0
DA:342,0
DA:343,0
DA:345,0
DA:346,0
DA:348,0
DA:349,0
DA:350,0
DA:351,0
DA:352,0
DA:353,0
DA:355,0
DA:356,0
DA:357,0
DA:358,0
DA:359,0
DA:360,0
DA:361,0
DA:363,0
DA:372,0
DA:373,0
DA:374,0
DA:377,0
DA:378,0
DA:379,0
DA:386,0
DA:387,0
DA:388,0
DA:389,0
DA:390,0
DA:391,0
DA:394,0
DA:396,0
DA:398,0
DA:399,0
DA:402,0
DA:403,0
DA:404,0
DA:406,0
DA:409,0
DA:410,0
DA:411,0
DA:413,0
DA:421,0
DA:422,0
DA:426,0
DA:427,0
DA:430,0
DA:431,0
DA:432,0
DA:433,0
DA:434,0
DA:435,0
DA:437,0
DA:438,0
DA:439,0
DA:441,0
DA:448,0
DA:450,0
DA:451,0
DA:452,0
DA:453,0
DA:454,0
DA:498,0
DA:499,0
DA:500,0
DA:501,0
DA:502,0
DA:505,0
DA:506,0
DA:507,0
DA:512,0
DA:514,0
DA:515,0
DA:517,0
DA:523,0
DA:524,0
DA:526,0
DA:532,0
DA:533,0
DA:535,0
DA:536,0
DA:539,0
DA:543,0
DA:545,0
DA:547,0
DA:549,0
DA:550,0
DA:551,0
DA:552,0
DA:553,0
DA:563,0
DA:565,0
DA:566,0
DA:573,0
DA:575,0
DA:576,0
DA:577,0
DA:581,0
DA:583,0
DA:585,0
DA:587,0
DA:588,0
DA:591,0
DA:592,0
DA:595,0
DA:596,0
DA:598,0
DA:600,0
DA:601,0
DA:604,0
DA:607,0
DA:609,0
DA:610,0
DA:613,0
DA:615,0
DA:616,0
DA:617,0
DA:618,0
DA:619,0
DA:620,0
DA:621,0
DA:622,0
DA:623,0
DA:625,0
DA:630,0
DA:631,0
DA:632,0
LF:288
LH:0
end_of_record
SF:lib/modules/nested/nested_scroll_screen.dart
DA:7,0
DA:9,0
DA:11,0
DA:12,0
DA:16,0
DA:17,0
DA:18,0
DA:19,0
DA:31,0
DA:34,0
DA:35,0
DA:37,0
DA:39,0
DA:40,0
DA:42,0
DA:45,0
LF:16
LH:0
end_of_record
SF:lib/modules/bmprogresshud/bmprogresshud_screen.dart
DA:7,0
DA:8,0
DA:9,0
DA:14,0
DA:16,0
DA:18,0
DA:19,0
DA:20,0
DA:21,0
DA:22,0
DA:25,0
DA:26,0
DA:27,0
DA:28,0
DA:32,0
DA:33,0
DA:34,0
DA:38,0
DA:39,0
DA:40,0
DA:44,0
DA:45,0
DA:46,0
DA:51,0
DA:52,0
DA:53,0
DA:54,0
DA:55,0
DA:59,0
DA:60,0
DA:61,0
DA:65,0
DA:66,0
DA:67,0
DA:71,0
DA:72,0
DA:73,0
DA:86,0
DA:87,0
DA:88,0
DA:89,0
DA:92,0
DA:93,0
DA:96,0
DA:97,0
DA:100,0
DA:101,0
DA:102,0
DA:105,0
DA:106,0
DA:107,0
DA:108,0
DA:109,0
DA:110,0
DA:111,0
DA:116,0
DA:117,0
DA:120,0
DA:121,0
DA:122,0
DA:123,0
DA:124,0
DA:125,0
DA:126,0
LF:64
LH:0
end_of_record
SF:lib/modules/camera/camera_screen.dart
DA:18,2
DA:20,0
DA:22,0
DA:27,0
DA:29,0
DA:31,0
DA:33,0
DA:42,0
DA:44,0
DA:72,0
DA:81,0
DA:82,0
DA:84,0
DA:88,0
DA:89,0
DA:92,0
DA:96,0
DA:97,0
DA:100,0
DA:104,0
DA:105,0
DA:110,0
DA:112,0
DA:113,0
DA:114,0
DA:115,0
DA:119,0
DA:121,0
DA:124,0
DA:128,0
DA:129,0
DA:130,0
DA:131,0
DA:136,0
DA:138,0
DA:139,0
DA:142,0
DA:143,0
DA:144,0
DA:145,0
DA:147,0
DA:149,0
DA:150,0
DA:152,0
DA:154,0
DA:157,0
DA:164,0
DA:165,0
DA:166,0
DA:168,0
DA:169,0
DA:170,0
DA:171,0
DA:181,0
DA:182,0
DA:184,0
DA:194,0
DA:195,0
DA:196,0
DA:197,0
DA:198,0
DA:199,0
DA:200,0
DA:202,0
DA:203,0
DA:204,0
DA:212,0
DA:213,0
DA:216,0
DA:218,0
DA:222,0
DA:224,0
DA:228,0
DA:229,0
DA:231,0
DA:232,0
DA:234,0
DA:236,0
DA:237,0
DA:238,0
DA:240,0
DA:249,0
DA:250,0
DA:251,0
DA:252,0
DA:253,0
DA:254,0
DA:255,0
DA:266,0
DA:267,0
DA:268,0
DA:269,0
DA:271,0
DA:272,0
DA:275,0
DA:279,0
DA:280,0
DA:283,0
DA:285,0
DA:288,0
DA:291,0
DA:292,0
DA:293,0
DA:295,0
DA:297,0
DA:298,0
DA:302,0
DA:306,0
DA:307,0
DA:308,0
DA:313,0
DA:314,0
DA:315,0
DA:316,0
DA:317,0
DA:319,0
DA:320,0
DA:322,0
DA:324,0
DA:326,0
DA:328,0
DA:330,0
DA:332,0
DA:334,0
DA:336,0
DA:338,0
DA:340,0
DA:342,0
DA:350,0
DA:351,0
DA:353,0
DA:355,0
DA:357,0
DA:360,0
DA:361,0
DA:362,0
DA:363,0
DA:364,0
DA:365,0
DA:366,0
DA:370,0
DA:372,0
DA:373,0
DA:375,0
DA:376,0
DA:378,0
DA:379,0
DA:380,0
DA:381,0
DA:386,0
DA:388,0
DA:389,0
DA:393,0
DA:395,0
DA:403,0
DA:405,0
DA:406,0
DA:407,0
DA:408,0
DA:409,0
DA:410,0
DA:411,0
DA:412,0
DA:414,0
DA:416,0
DA:426,0
DA:427,0
DA:428,0
DA:430,0
DA:432,0
DA:435,0
DA:436,0
DA:437,0
DA:438,0
DA:439,0
DA:440,0
DA:441,0
DA:445,0
DA:447,0
DA:448,0
DA:450,0
DA:451,0
DA:453,0
DA:454,0
DA:455,0
DA:457,0
DA:461,0
DA:463,0
DA:464,0
DA:478,0
DA:479,0
DA:481,0
DA:483,0
DA:484,0
DA:488,0
DA:489,0
DA:490,0
DA:493,0
DA:497,0
DA:498,0
DA:499,0
DA:502,0
DA:503,0
DA:508,0
DA:509,0
DA:510,0
DA:511,0
DA:512,0
DA:515,0
DA:519,0
DA:520,0
DA:521,0
DA:524,0
DA:526,0
DA:529,0
DA:536,0
DA:537,0
DA:539,0
DA:544,0
DA:547,0
DA:548,0
DA:549,0
DA:553,0
DA:554,0
DA:555,0
DA:557,0
DA:558,0
DA:559,0
DA:568,0
DA:571,0
DA:573,0
DA:574,0
DA:577,0
DA:578,0
DA:582,0
DA:584,0
DA:585,0
DA:586,0
DA:588,0
DA:589,0
DA:592,0
DA:593,0
DA:594,0
DA:596,0
DA:600,0
DA:601,0
DA:604,0
DA:608,0
DA:611,0
DA:612,0
DA:613,0
DA:615,0
DA:616,0
DA:621,0
DA:622,0
DA:625,0
DA:627,0
DA:628,0
DA:630,0
DA:631,0
DA:633,0
DA:634,0
DA:635,0
DA:637,0
DA:638,0
DA:639,0
DA:640,0
DA:642,0
DA:644,0
DA:646,0
DA:648,0
DA:650,0
DA:651,0
DA:653,0
DA:655,0
DA:657,0
DA:659,0
DA:662,0
DA:667,0
DA:668,0
DA:672,0
DA:673,0
DA:674,0
DA:675,0
DA:676,0
DA:677,0
DA:678,0
DA:681,0
DA:682,0
DA:683,0
DA:689,0
DA:690,0
DA:691,0
DA:693,0
DA:694,0
DA:695,0
DA:699,0
DA:700,0
DA:701,0
DA:703,0
DA:704,0
DA:705,0
DA:709,0
DA:710,0
DA:711,0
DA:713,0
DA:714,0
DA:715,0
DA:719,0
DA:720,0
DA:721,0
DA:722,0
DA:726,0
DA:728,0
DA:729,0
DA:730,0
DA:731,0
DA:732,0
DA:734,0
DA:735,0
DA:736,0
DA:739,0
DA:740,0
DA:744,0
DA:745,0
DA:746,0
DA:747,0
DA:749,0
DA:753,0
DA:754,0
DA:755,0
DA:756,0
DA:758,0
DA:762,0
DA:763,0
DA:764,0
DA:765,0
DA:767,0
DA:771,0
DA:772,0
DA:773,0
DA:774,0
DA:779,0
DA:780,0
DA:781,0
DA:782,0
DA:785,0
DA:786,0
DA:787,0
DA:792,0
DA:793,0
DA:795,0
DA:796,0
DA:800,0
DA:801,0
DA:803,0
DA:806,0
DA:807,0
DA:811,0
DA:812,0
DA:813,0
DA:814,0
DA:816,0
DA:820,0
DA:821,0
DA:822,0
DA:823,0
DA:825,0
DA:829,0
DA:830,0
DA:832,0
DA:833,0
DA:837,0
DA:843,0
DA:844,0
DA:845,0
DA:850,0
DA:851,0
DA:853,0
DA:858,0
DA:859,0
DA:860,0
DA:865,0
DA:866,0
DA:868,0
DA:873,0
DA:874,0
DA:875,0
DA:880,0
DA:881,0
DA:883,0
DA:888,0
DA:889,0
DA:890,0
DA:895,0
DA:896,0
DA:901,0
DA:902,0
DA:903,0
DA:908,0
DA:909,0
DA:914,0
DA:915,0
DA:916,0
DA:921,0
DA:922,0
DA:926,0
DA:927,0
DA:930,0
DA:931,0
DA:932,0
DA:937,0
DA:938,0
DA:943,0
DA:944,0
DA:945,0
DA:950,0
DA:951,0
DA:960,0
DA:961,0
DA:963,0
DA:964,0
DA:966,0
DA:967,0
DA:969,0
DA:972,0
DA:973,0
DA:974,0
DA:975,0
DA:976,0
DA:977,0
DA:978,0
DA:979,0
DA:982,0
DA:985,0
DA:986,0
DA:987,0
DA:988,0
DA:992,0
DA:998,0
DA:1000,0
DA:1001,0
DA:1006,0
DA:1007,0
DA:1008,0
DA:1015,2
DA:1017,0
DA:1025,0
DA:1027,0
DA:1030,0
DA:1031,0
DA:1032,0
DA:1033,0
DA:1035,0
LF:454
LH:2
end_of_record
SF:lib/modules/courasel/courasel_screen.dart
DA:6,0
DA:15,0
DA:18,0
DA:20,0
DA:22,0
DA:23,0
DA:24,0
DA:26,0
DA:27,0
DA:29,0
DA:30,0
DA:31,0
DA:32,0
DA:33,0
DA:34,0
DA:35,0
DA:37,0
DA:38,0
DA:39,0
DA:40,0
DA:42,0
DA:44,0
DA:45,0
DA:46,0
DA:50,0
DA:58,2
DA:60,0
DA:62,0
DA:63,0
DA:64,0
DA:65,0
DA:72,2
DA:74,0
DA:76,0
DA:78,0
DA:103,2
DA:105,0
DA:107,0
DA:108,0
DA:109,0
DA:110,0
DA:111,0
DA:112,0
DA:114,0
DA:116,0
DA:118,0
DA:125,2
DA:127,0
DA:129,0
DA:130,0
DA:131,0
DA:132,0
DA:133,0
DA:134,0
DA:138,0
DA:140,0
DA:142,0
DA:149,2
DA:151,0
DA:153,0
DA:154,0
DA:155,0
DA:156,0
DA:157,0
DA:158,0
DA:159,0
DA:160,0
DA:162,0
DA:168,0
DA:169,0
DA:170,0
DA:172,0
DA:174,0
DA:175,0
DA:176,0
DA:177,0
DA:181,0
DA:190,0
DA:191,0
DA:204,0
DA:207,2
DA:209,0
DA:211,0
DA:212,0
DA:213,0
DA:214,0
DA:215,0
DA:220,0
DA:228,2
DA:230,0
DA:232,0
DA:233,0
DA:234,0
DA:235,0
DA:236,0
DA:242,0
DA:308,2
DA:310,0
DA:312,0
DA:313,0
DA:314,0
DA:315,0
DA:316,0
DA:323,0
DA:330,2
DA:332,0
DA:334,0
DA:335,0
DA:336,0
DA:337,0
DA:338,0
DA:339,0
DA:345,0
DA:352,2
DA:354,0
DA:356,0
DA:357,0
DA:358,0
DA:359,0
DA:360,0
DA:361,0
DA:362,0
DA:363,0
DA:366,0
DA:370,0
DA:371,0
DA:372,0
DA:374,0
DA:377,0
DA:378,0
DA:386,0
DA:395,2
DA:397,0
DA:399,0
DA:400,0
DA:401,0
DA:402,0
DA:404,0
DA:409,0
DA:410,0
DA:411,0
DA:471,2
DA:473,0
DA:475,0
DA:490,0
DA:492,0
DA:493,0
DA:494,0
DA:497,0
DA:500,0
DA:502,0
DA:503,0
DA:504,0
DA:505,0
DA:506,0
DA:507,0
DA:512,0
DA:513,0
DA:514,0
DA:596,2
DA:598,0
DA:600,0
DA:601,0
DA:602,0
DA:603,0
DA:604,0
DA:605,0
DA:606,0
DA:611,0
DA:614,0
DA:629,2
DA:631,0
DA:633,0
DA:634,0
DA:635,0
DA:636,0
DA:637,0
DA:642,0
DA:643,0
DA:644,0
DA:645,0
DA:646,0
DA:647,0
DA:648,0
DA:650,0
DA:652,0
DA:655,0
DA:664,2
DA:666,0
DA:668,0
DA:669,0
DA:670,0
DA:671,0
DA:672,0
DA:678,0
LF:195
LH:15
end_of_record
SF:lib/modules/date_picker/calender.dart
DA:8,0
DA:11,0
DA:15,0
DA:16,0
DA:44,0
DA:46,0
DA:47,0
DA:48,0
DA:50,0
DA:51,0
DA:53,0
DA:54,0
DA:57,0
DA:58,0
DA:59,0
DA:60,0
DA:61,0
DA:118,0
DA:122,0
DA:124,0
DA:126,0
DA:127,0
DA:128,0
DA:130,0
DA:131,0
DA:132,0
DA:134,0
DA:135,0
DA:144,0
DA:146,0
DA:147,0
DA:148,0
DA:152,0
DA:155,0
DA:169,0
DA:170,0
DA:172,0
DA:175,0
DA:180,0
DA:189,0
DA:190,0
DA:192,0
DA:193,0
DA:195,0
DA:196,0
DA:197,0
DA:200,0
DA:202,0
DA:205,0
DA:206,0
DA:207,0
DA:218,0
DA:226,0
DA:227,0
DA:231,0
DA:232,0
DA:235,0
DA:237,0
DA:238,0
DA:239,0
DA:242,0
DA:243,0
DA:259,0
DA:261,0
DA:263,0
DA:264,0
DA:265,0
DA:266,0
DA:267,0
DA:270,0
DA:271,0
DA:276,0
DA:277,0
DA:280,0
DA:281,0
DA:292,0
DA:293,0
DA:298,0
DA:300,0
DA:303,0
DA:305,0
DA:306,0
DA:309,0
DA:310,0
DA:313,0
DA:314,0
DA:315,0
DA:316,0
DA:329,0
DA:330,0
DA:332,0
DA:343,0
DA:345,0
DA:348,0
DA:350,0
DA:351,0
DA:354,0
DA:356,0
DA:359,0
DA:360,0
DA:361,0
DA:362,0
DA:372,0
DA:373,0
DA:377,0
DA:379,0
DA:382,0
DA:384,0
DA:385,0
DA:386,0
DA:389,0
DA:391,0
DA:394,0
DA:395,0
DA:396,0
DA:397,0
DA:398,0
DA:411,0
DA:415,0
DA:417,0
DA:420,0
DA:421,0
DA:423,0
DA:424,0
DA:426,0
DA:437,0
DA:439,0
DA:440,0
DA:441,0
DA:445,0
DA:450,0
DA:452,0
DA:453,0
DA:455,0
DA:456,0
DA:457,0
DA:464,0
DA:468,0
DA:470,0
DA:472,0
DA:473,0
DA:474,0
DA:476,0
DA:477,0
DA:478,0
DA:480,0
DA:481,0
LF:147
LH:0
end_of_record
SF:lib/modules/date_picker/date_time_input.dart
DA:8,0
DA:12,0
DA:13,0
DA:24,0
DA:26,0
DA:27,0
DA:28,0
DA:30,0
DA:35,0
DA:37,0
DA:38,0
DA:41,0
DA:43,0
DA:48,0
DA:49,0
DA:50,0
DA:52,0
DA:53,0
DA:54,0
DA:56,0
DA:57,0
DA:58,0
DA:59,0
DA:60,0
DA:61,0
DA:62,0
DA:70,0
DA:71,0
DA:74,0
DA:75,0
DA:78,0
DA:80,0
DA:82,0
DA:83,0
DA:84,0
DA:86,0
DA:87,0
DA:88,0
DA:89,0
DA:96,0
DA:97,0
DA:98,0
DA:99,0
DA:100,0
DA:103,0
DA:104,0
DA:105,0
DA:106,0
DA:107,0
DA:111,0
DA:112,0
DA:113,0
DA:114,0
DA:121,0
DA:122,0
DA:123,0
DA:124,0
DA:125,0
DA:128,0
DA:129,0
DA:130,0
DA:131,0
DA:132,0
DA:140,0
DA:141,0
DA:142,0
DA:144,0
DA:145,0
DA:146,0
DA:147,0
DA:148,0
DA:149,0
DA:150,0
DA:151,0
DA:152,0
DA:153,0
DA:154,0
DA:155,0
DA:156,0
DA:166,0
DA:167,0
DA:168,0
DA:170,0
DA:172,0
DA:182,0
DA:184,0
DA:185,0
DA:186,0
DA:187,0
DA:188,0
DA:189,0
DA:190,0
DA:191,0
DA:192,0
DA:193,0
DA:194,0
DA:195,0
LF:97
LH:0
end_of_record
SF:lib/modules/datetime_picker/datetime_picker_screen.dart
DA:11,0
DA:13,0
DA:15,0
DA:20,0
DA:22,0
DA:23,0
DA:33,0
DA:34,0
DA:35,0
DA:36,0
DA:41,0
DA:42,0
DA:45,0
DA:47,0
DA:55,0
DA:57,0
DA:59,0
DA:60,0
DA:62,0
DA:63,0
DA:64,0
DA:67,0
DA:68,0
DA:70,0
DA:71,0
DA:72,0
DA:74,0
DA:76,0
DA:77,0
DA:82,0
DA:84,0
DA:85,0
DA:86,0
DA:87,0
DA:93,0
DA:94,0
DA:98,0
DA:99,0
DA:101,0
DA:102,0
DA:103,0
DA:105,0
DA:113,0
DA:114,0
DA:115,0
DA:120,0
DA:121,0
DA:123,0
DA:125,0
DA:126,0
DA:131,0
DA:133,0
DA:134,0
DA:135,0
DA:136,0
DA:142,0
DA:143,0
DA:147,0
DA:148,0
DA:150,0
DA:151,0
DA:152,0
DA:154,0
DA:159,0
DA:160,0
DA:168,0
DA:169,0
DA:171,0
DA:173,0
DA:174,0
DA:179,0
DA:181,0
DA:182,0
DA:187,0
DA:188,0
DA:192,0
DA:193,0
DA:195,0
DA:196,0
DA:197,0
DA:199,0
DA:204,0
DA:205,0
DA:223,0
DA:227,0
DA:229,0
DA:242,0
DA:244,0
DA:246,0
LF:89
LH:0
end_of_record
SF:lib/modules/draggbel_scroll/draggel_scroll_screen.dart
DA:5,0
DA:7,0
DA:9,0
DA:11,0
DA:14,0
DA:16,0
DA:17,0
DA:19,0
DA:20,0
DA:22,0
DA:23,0
DA:24,0
DA:26,0
DA:27,0
DA:31,0
LF:15
LH:0
end_of_record
SF:lib/modules/interractive_view/intertiveview_screen.dart
DA:5,0
DA:7,0
DA:9,0
DA:10,0
DA:11,0
DA:15,0
DA:16,0
DA:17,0
LF:8
LH:0
end_of_record
SF:lib/modules/matix/matix_screen.dart
DA:8,0
DA:10,0
DA:11,0
DA:17,0
DA:18,0
DA:19,0
DA:23,0
DA:25,0
DA:26,0
DA:27,0
DA:28,0
DA:30,0
DA:31,0
DA:32,0
DA:33,0
DA:34,0
DA:35,0
DA:36,0
DA:37,0
DA:47,0
DA:49,0
DA:50,0
DA:52,0
DA:53,0
DA:54,0
DA:55,0
DA:56,0
DA:57,0
DA:59,0
DA:60,0
DA:61,0
DA:62,0
DA:63,0
DA:64,0
DA:65,0
DA:66,0
DA:70,0
DA:71,0
DA:72,0
DA:73,0
DA:74,0
DA:75,0
DA:76,0
DA:80,0
DA:81,0
DA:82,0
DA:83,0
DA:84,0
DA:85,0
DA:86,0
DA:100,0
DA:102,0
DA:104,0
DA:105,0
DA:106,0
DA:109,0
DA:110,0
DA:111,0
DA:112,0
DA:116,0
DA:117,0
DA:118,0
DA:123,0
DA:126,0
DA:127,0
DA:128,0
DA:129,0
DA:133,0
DA:134,0
DA:135,0
DA:140,0
DA:142,0
DA:144,0
DA:148,0
DA:149,0
DA:150,0
DA:155,0
DA:158,0
DA:159,0
DA:163,0
DA:164,0
DA:165,0
DA:170,0
DA:173,0
DA:174,0
DA:175,0
DA:176,0
DA:180,0
DA:181,0
DA:182,0
DA:187,0
DA:190,0
DA:191,0
DA:192,0
DA:193,0
DA:197,0
DA:198,0
DA:199,0
LF:98
LH:0
end_of_record
SF:lib/modules/noti_scroll/notification_scroll_screen.dart
DA:5,0
DA:7,0
DA:8,0
DA:12,0
DA:13,0
DA:20,0
DA:22,0
DA:23,0
DA:24,0
DA:25,0
DA:26,0
DA:27,0
DA:29,0
DA:30,0
DA:31,0
DA:32,0
DA:33,0
DA:34,0
DA:37,0
DA:38,0
DA:40,0
DA:44,0
DA:45,0
DA:46,0
DA:47,0
LF:25
LH:0
end_of_record
SF:lib/modules/number_formart/number_format_screen.dart
DA:11,0
DA:12,0
DA:13,0
DA:27,0
DA:29,0
DA:32,0
DA:34,0
DA:37,0
DA:38,0
DA:39,0
DA:42,0
DA:44,0
DA:45,0
DA:49,0
DA:50,0
DA:51,0
DA:52,0
DA:53,0
DA:56,0
DA:57,0
DA:58,0
DA:60,0
DA:61,0
DA:62,0
DA:63,0
DA:68,0
DA:69,0
DA:70,0
DA:71,0
DA:72,0
DA:73,0
DA:78,0
DA:79,0
DA:80,0
DA:81,0
DA:82,0
DA:85,0
DA:86,0
DA:90,0
DA:91,0
DA:92,0
DA:93,0
DA:94,0
DA:95,0
DA:96,0
DA:97,0
DA:102,0
DA:104,0
DA:105,0
DA:106,0
DA:107,0
LF:51
LH:0
end_of_record
SF:lib/modules/open_file/open_file_screen.dart
DA:16,0
DA:18,0
DA:19,0
DA:23,0
DA:25,0
DA:26,0
DA:32,0
DA:33,0
DA:34,0
DA:35,0
DA:36,0
DA:37,0
DA:38,0
DA:43,0
DA:44,0
DA:45,0
DA:46,0
DA:47,0
DA:48,0
DA:49,0
DA:52,0
DA:55,0
DA:56,0
DA:57,0
DA:58,0
DA:59,0
DA:60,0
DA:61,0
DA:67,0
DA:68,0
DA:69,0
DA:73,0
DA:74,0
DA:77,0
DA:78,0
DA:79,0
DA:80,0
DA:81,0
DA:82,0
DA:85,0
DA:86,0
DA:87,0
DA:90,0
DA:91,0
DA:92,0
DA:93,0
DA:97,0
DA:98,0
DA:99,0
DA:100,0
DA:101,0
DA:102,0
DA:103,0
DA:104,0
DA:108,0
DA:109,0
DA:111,0
DA:112,0
DA:114,0
DA:115,0
DA:117,0
DA:118,0
DA:120,0
DA:121,0
DA:123,0
DA:124,0
DA:128,0
DA:130,0
DA:131,0
DA:132,0
DA:133,0
DA:134,0
DA:142,0
DA:144,0
DA:146,0
DA:147,0
DA:148,0
DA:149,0
DA:154,0
DA:155,0
DA:156,0
DA:157,0
DA:159,0
DA:160,0
DA:161,0
DA:163,0
DA:164,0
DA:165,0
DA:168,0
DA:170,0
DA:171,0
DA:174,0
DA:175,0
DA:182,0
DA:183,0
DA:186,0
DA:187,0
DA:188,0
DA:189,0
DA:190,0
DA:191,0
DA:200,0
DA:201,0
DA:202,0
DA:203,0
DA:204,0
DA:205,0
DA:208,0
DA:209,0
DA:213,0
DA:214,0
DA:216,0
DA:218,0
[...]
DA:65,0
DA:68,0
DA:69,0
DA:70,0
DA:71,0
DA:72,0
DA:73,0
DA:86,2
DA:94,0
DA:95,0
DA:97,0
DA:112,0
DA:114,0
DA:115,0
DA:118,0
DA:119,0
DA:120,0
DA:121,0
DA:124,0
DA:125,0
DA:128,0
DA:129,0
DA:130,0
DA:131,0
DA:132,0
DA:137,0
DA:139,0
DA:153,0
DA:155,0
DA:156,0
DA:157,0
DA:158,0
DA:159,0
DA:161,0
DA:164,0
DA:165,0
DA:168,0
DA:169,0
DA:172,0
DA:176,0
DA:177,0
DA:178,0
DA:179,0
DA:180,0
DA:182,0
DA:185,0
DA:188,0
DA:189,0
DA:194,0
DA:195,0
DA:204,0
DA:206,0
DA:221,0
DA:222,0
DA:224,0
DA:226,0
DA:228,0
DA:231,0
DA:232,0
DA:233,0
DA:234,0
DA:235,0
DA:236,0
DA:237,0
DA:238,0
DA:240,0
DA:242,0
DA:243,0
DA:244,0
DA:245,0
DA:246,0
DA:250,0
DA:251,0
DA:252,0
DA:253,0
DA:254,0
DA:258,0
DA:259,0
DA:270,0
DA:282,0
DA:284,0
DA:287,0
DA:302,0
DA:304,0
DA:305,0
DA:306,0
DA:307,0
DA:310,0
DA:312,0
DA:314,0
DA:315,0
DA:316,0
DA:328,0
DA:335,0
DA:337,0
DA:340,0
DA:355,0
DA:358,0
DA:359,0
DA:360,0
DA:362,0
DA:363,0
DA:364,0
DA:366,0
DA:367,0
DA:369,0
DA:370,0
DA:375,0
DA:377,0
DA:380,0
DA:381,0
DA:383,0
LF:130
LH:1
end_of_record
SF:lib/modules/material/component/metarial_card/horizontal_card_widget.dart
DA:6,2
DA:9,0
DA:11,0
DA:12,0
DA:13,0
DA:14,0
DA:15,0
DA:17,0
DA:18,0
DA:19,0
DA:27,0
DA:29,0
DA:31,0
LF:13
LH:1
end_of_record
SF:lib/modules/material/component/metarial_carousel/material_carousel.dart
DA:22,0
DA:39,0
DA:40,0
DA:51,0
DA:53,0
DA:54,0
DA:55,0
DA:59,0
DA:60,0
DA:62,0
DA:63,0
DA:64,0
DA:65,0
DA:66,0
DA:67,0
DA:69,0
DA:71,0
DA:72,0
DA:73,0
DA:74,0
DA:76,0
DA:77,0
DA:79,0
DA:80,0
DA:81,0
DA:82,0
DA:83,0
DA:84,0
DA:85,0
DA:88,0
DA:90,0
DA:91,0
DA:92,0
DA:93,0
DA:94,0
DA:95,0
DA:96,0
DA:99,0
DA:102,0
DA:104,0
DA:105,0
DA:106,0
DA:111,0
DA:114,0
DA:115,0
DA:116,0
DA:117,0
DA:118,0
DA:119,0
DA:120,0
DA:121,0
DA:122,0
DA:123,0
DA:124,0
DA:125,0
DA:127,0
DA:128,0
DA:135,0
DA:137,0
DA:138,0
DA:140,0
DA:143,0
DA:145,0
DA:146,0
DA:147,0
DA:148,0
DA:149,0
DA:150,0
DA:151,0
DA:153,0
DA:154,0
DA:155,0
DA:157,0
DA:158,0
DA:159,0
DA:160,0
DA:162,0
DA:164,0
DA:165,0
DA:166,0
DA:167,0
DA:171,0
DA:172,0
DA:173,0
DA:174,0
DA:175,0
DA:176,0
DA:177,0
DA:178,0
DA:179,0
DA:181,0
DA:182,0
DA:183,0
DA:184,0
DA:185,0
DA:187,0
DA:188,0
DA:192,0
DA:197,0
DA:198,0
DA:199,0
DA:201,0
DA:202,0
DA:203,0
DA:204,0
DA:205,0
DA:207,0
DA:208,0
DA:209,0
DA:210,0
DA:216,0
LF:111
LH:0
end_of_record
SF:lib/modules/material/component/metarial_radio_button/cubit/metarial_radio_button_cubit.dart
DA:7,0
DA:9,0
DA:10,0
DA:11,0
DA:12,0
DA:13,0
DA:14,0
DA:15,0
DA:19,0
DA:20,0
DA:21,0
DA:24,0
DA:25,0
DA:26,0
DA:27,0
DA:28,0
DA:29,0
DA:30,0
DA:31,0
DA:32,0
DA:36,0
DA:37,0
DA:38,0
LF:23
LH:0
end_of_record
SF:lib/modules/material/component/metarial_radio_button/state/metarial_radio_buton_state.dart
DA:7,0
DA:9,0
DA:10,0
DA:15,0
DA:18,0
DA:19,0
DA:20,0
DA:24,0
LF:8
LH:0
end_of_record
SF:lib/modules/material/component/meterial_button_3/widget/common_button.dart
DA:7,0
DA:14,0
DA:18,0
DA:19,0
DA:20,0
DA:21,0
DA:22,0
DA:23,0
DA:24,0
DA:25,0
DA:26,0
DA:27,0
DA:28,0
DA:29,0
DA:30,0
DA:31,0
DA:32,0
DA:33,0
DA:34,0
DA:37,0
DA:39,0
DA:40,0
DA:41,0
DA:42,0
DA:43,0
DA:44,0
DA:46,0
DA:47,0
DA:48,0
DA:49,0
DA:50,0
DA:51,0
DA:52,0
DA:55,0
DA:56,0
DA:57,0
DA:58,0
DA:60,0
LF:38
LH:0
end_of_record
SF:lib/modules/material/component/meterial_button_3/widget/extended_fab.dart
DA:7,0
DA:14,0
DA:16,0
DA:17,0
DA:18,0
DA:19,0
DA:20,0
DA:21,0
DA:22,0
DA:23,0
DA:24,0
DA:25,0
DA:28,0
DA:30,0
DA:31,0
DA:32,0
DA:33,0
DA:34,0
DA:35,0
DA:36,0
DA:37,0
DA:38,0
DA:39,0
DA:40,0
DA:41,0
DA:45,0
DA:46,0
DA:47,0
DA:48,0
DA:49,0
DA:50,0
DA:51,0
LF:32
LH:0
end_of_record
SF:lib/modules/material/component/meterial_button_3/widget/fab_button.dart
DA:7,0
DA:14,0
DA:16,0
DA:17,0
DA:18,0
DA:19,0
DA:20,0
DA:21,0
DA:22,0
DA:23,0
DA:24,0
DA:25,0
DA:28,0
DA:30,0
DA:31,0
DA:32,0
DA:33,0
DA:34,0
DA:35,0
DA:36,0
DA:37,0
DA:38,0
LF:22
LH:0
end_of_record
SF:lib/modules/material/component/meterial_button_3/widget/icon_button.dart
DA:7,0
DA:14,0
DA:16,0
DA:17,0
DA:18,0
DA:19,0
DA:20,0
DA:21,0
DA:22,0
DA:23,0
DA:24,0
DA:25,0
DA:28,0
DA:30,0
DA:31,0
DA:32,0
DA:33,0
DA:34,0
DA:35,0
DA:36,0
DA:37,0
DA:38,0
DA:39,0
DA:40,0
DA:41,0
DA:42,0
LF:26
LH:0
end_of_record
SF:lib/modules/material/component/meterial_button_3/widget/segmented_button.dart
DA:7,0
DA:14,0
DA:16,0
DA:17,0
DA:18,0
DA:19,0
DA:20,0
DA:21,0
DA:22,0
DA:23,0
DA:24,0
DA:25,0
DA:28,0
DA:30,0
DA:33,0
DA:34,0
DA:36,0
DA:38,0
DA:40,0
DA:42,0
DA:44,0
LF:21
LH:0
end_of_record
SF:lib/utils_helper/extension/extension_textstyle.dart
DA:7,0
DA:13,0
DA:14,0
DA:15,0
DA:16,0
DA:17,0
DA:23,0
DA:28,0
DA:34,0
DA:35,0
DA:36,0
DA:37,0
DA:38,0
DA:45,0
DA:50,0
DA:56,0
DA:57,0
DA:58,0
DA:59,0
DA:60,0
DA:67,0
LF:21
LH:0
end_of_record
SF:lib/modules/open_file/model/item_directory_model.dart
DA:16,0
LF:1
LH:0
end_of_record
SF:lib/modules/open_file/widget_item/item_widget.dart
DA:16,0
DA:20,0
DA:21,0
DA:25,0
DA:27,0
DA:30,0
DA:31,0
DA:32,0
DA:33,0
DA:34,0
DA:35,0
DA:36,0
DA:37,0
DA:38,0
DA:39,0
DA:40,0
DA:41,0
DA:42,0
DA:43,0
DA:49,0
DA:50,0
DA:51,0
DA:54,0
DA:55,0
DA:57,0
DA:60,0
DA:61,0
DA:62,0
DA:63,0
DA:67,0
DA:68,0
DA:70,0
DA:71,0
DA:72,0
DA:73,0
DA:78,0
DA:80,0
DA:81,0
DA:83,0
DA:84,0
DA:85,0
DA:87,0
DA:88,0
DA:90,0
DA:122,0
DA:124,0
DA:125,0
DA:126,0
DA:127,0
DA:128,0
DA:129,0
DA:131,0
DA:132,0
DA:133,0
DA:134,0
DA:136,0
DA:138,0
DA:149,0
DA:150,0
DA:151,0
DA:152,0
DA:153,0
DA:161,0
DA:162,0
DA:164,0
DA:165,0
DA:166,0
DA:170,0
DA:171,0
DA:172,0
DA:173,0
DA:174,0
DA:175,0
DA:211,0
DA:214,0
DA:216,0
DA:217,0
DA:218,0
DA:219,0
DA:221,0
DA:222,0
DA:223,0
DA:224,0
DA:225,0
DA:226,0
DA:230,0
DA:231,0
DA:234,0
DA:235,0
DA:236,0
DA:237,0
DA:239,0
DA:240,0
DA:241,0
DA:242,0
DA:243,0
LF:96
LH:0
end_of_record
SF:lib/modules/open_file/widget_item/get_file_screen.dart
DA:5,0
DA:8,0
DA:9,0
DA:13,0
DA:15,0
DA:16,0
DA:17,0
DA:19,0
DA:21,0
DA:22,0
DA:23,0
DA:24,0
DA:25,0
DA:26,0
DA:27,0
LF:15
LH:0
end_of_record
SF:lib/modules/pick_file/svg_helper.dart
DA:11,0
DA:24,0
DA:28,0
DA:29,0
DA:30,0
DA:32,0
DA:33,0
DA:37,0
DA:38,0
DA:39,0
DA:51,0
DA:52,0
DA:54,0
DA:56,0
DA:58,0
DA:59,0
DA:60,0
DA:62,0
DA:64,0
DA:65,0
DA:66,0
DA:67,0
DA:69,0
DA:70,0
DA:71,0
DA:74,0
DA:76,0
DA:77,0
DA:78,0
DA:79,0
DA:81,0
DA:82,0
DA:83,0
DA:90,0
DA:92,0
DA:93,0
DA:97,0
DA:100,0
DA:101,0
DA:102,0
DA:105,0
DA:106,0
DA:107,0
DA:110,0
DA:111,0
DA:112,0
DA:116,0
DA:117,0
DA:126,0
DA:127,0
DA:129,0
DA:136,0
DA:137,0
DA:139,0
DA:142,0
DA:143,0
DA:144,0
DA:145,0
DA:148,0
DA:150,0
DA:151,0
DA:152,0
DA:153,0
DA:154,0
DA:156,0
DA:157,0
DA:158,0
DA:159,0
DA:161,0
DA:162,0
DA:163,0
DA:164,0
DA:166,0
DA:167,0
DA:168,0
DA:169,0
DA:170,0
DA:171,0
DA:172,0
DA:173,0
DA:174,0
DA:176,0
DA:177,0
DA:178,0
DA:179,0
DA:180,0
DA:181,0
DA:182,0
DA:184,0
DA:185,0
DA:188,0
DA:189,0
DA:190,0
DA:192,0
DA:193,0
DA:196,0
DA:207,0
DA:208,0
DA:211,0
DA:212,0
DA:215,0
DA:216,0
DA:218,0
DA:219,0
LF:104
LH:0
end_of_record
SF:lib/modules/qr_code_example/overlay/cccd_scan_overlay.dart
DA:4,0
DA:6,0
DA:8,0
DA:9,0
DA:10,0
DA:16,0
DA:18,0
DA:19,0
DA:20,0
DA:21,0
DA:24,0
DA:25,0
DA:27,0
DA:28,0
DA:30,0
DA:31,0
DA:34,0
DA:37,0
LF:18
LH:0
end_of_record
SF:lib/modules/qr_code_example/overlay/qr_scan_blinking_border_overlay.dart
DA:7,0
DA:13,0
DA:14,0
DA:22,0
DA:24,0
DA:25,0
DA:28,0
DA:30,0
DA:33,0
DA:35,0
DA:36,0
DA:39,0
DA:41,0
DA:42,0
DA:43,0
DA:44,0
DA:45,0
DA:46,0
DA:56,0
DA:58,0
DA:60,0
DA:61,0
DA:62,0
DA:63,0
DA:65,0
DA:67,0
DA:68,0
DA:73,0
DA:75,0
LF:29
LH:0
end_of_record
SF:lib/modules/qr_code_example/overlay/qr_scan_border.dart
DA:10,0
DA:16,0
DA:18,0
DA:20,0
DA:21,0
DA:22,0
DA:23,0
DA:24,0
DA:25,0
DA:27,0
DA:38,0
DA:45,0
DA:47,0
DA:48,0
DA:49,0
DA:50,0
DA:51,0
DA:55,0
DA:56,0
DA:57,0
DA:58,0
DA:60,0
DA:61,0
DA:64,0
DA:65,0
DA:66,0
DA:67,0
DA:68,0
DA:70,0
DA:71,0
DA:72,0
DA:75,0
DA:76,0
DA:77,0
DA:78,0
DA:81,0
LF:36
LH:0
end_of_record
SF:lib/modules/qr_code_example/overlay/qr_scan_laser_overlay.dart
DA:6,0
DA:8,0
DA:9,0
DA:17,0
DA:19,0
DA:20,0
DA:23,0
DA:25,0
DA:26,0
DA:30,0
DA:31,0
DA:34,0
DA:35,0
DA:38,0
DA:40,0
DA:41,0
DA:44,0
DA:46,0
DA:47,0
DA:48,0
DA:49,0
DA:50,0
DA:51,0
DA:52,0
DA:53,0
DA:64,0
DA:66,0
DA:70,0
DA:74,0
DA:77,0
DA:78,0
DA:79,0
DA:80,0
DA:81,0
DA:82,0
DA:83,0
DA:84,0
DA:85,0
DA:86,0
DA:87,0
DA:91,0
DA:93,0
DA:94,0
DA:99,0
DA:100,0
DA:104,0
DA:106,0
DA:109,0
DA:110,0
DA:111,0
DA:112,0
DA:113,0
DA:116,0
DA:117,0
LF:54
LH:0
end_of_record
SF:lib/modules/qr_code_example/overlay/qr_scan_rotating_border_overlay.dart
DA:9,0
DA:15,0
DA:16,0
DA:23,0
DA:25,0
DA:27,0
DA:30,0
DA:33,0
DA:35,0
DA:36,0
DA:39,0
DA:41,0
DA:42,0
DA:43,0
DA:44,0
DA:45,0
DA:46,0
DA:56,0
DA:58,0
DA:60,0
DA:63,0
DA:66,0
DA:67,0
DA:69,0
DA:70,0
DA:72,0
DA:74,0
DA:75,0
DA:76,0
DA:77,0
DA:78,0
DA:79,0
DA:81,0
DA:82,0
DA:86,0
DA:89,0
DA:91,0
LF:37
LH:0
end_of_record
SF:lib/modules/qr_code_example/overlay/qr_scan_zigzag_overlay.dart
DA:7,0
DA:13,0
DA:14,0
DA:22,0
DA:24,0
DA:25,0
DA:28,0
DA:30,0
DA:33,0
DA:35,0
DA:36,0
DA:39,0
DA:41,0
DA:42,0
DA:43,0
DA:44,0
DA:45,0
DA:46,0
DA:59,0
DA:66,0
DA:68,0
DA:72,0
DA:74,0
DA:75,0
DA:76,0
DA:77,0
DA:81,0
DA:82,0
DA:83,0
DA:84,0
DA:85,0
DA:86,0
DA:88,0
DA:91,0
DA:93,0
LF:35
LH:0
end_of_record
SF:lib/modules/qr_code_example/widget/qr_capture_widget.dart
DA:14,0
DA:17,0
DA:18,0
DA:30,0
DA:32,0
DA:35,0
DA:37,0
DA:38,0
DA:42,0
DA:45,0
DA:46,0
DA:47,0
DA:49,0
DA:51,0
DA:52,0
DA:58,0
DA:60,0
DA:61,0
DA:62,0
DA:66,0
DA:69,0
DA:71,0
DA:72,0
DA:73,0
DA:77,0
DA:82,0
DA:87,0
DA:89,0
DA:90,0
DA:91,0
DA:92,0
DA:93,0
DA:95,0
DA:96,0
DA:97,0
DA:103,0
DA:104,0
DA:105,0
DA:115,0
DA:116,0
LF:40
LH:0
end_of_record
SF:lib/utils_helper/input_formatter/input_formatter.dart
DA:8,0
DA:10,0
DA:17,0
DA:18,0
DA:19,0
DA:25,0
DA:29,0
DA:35,0
DA:36,0
DA:37,0
DA:47,0
DA:54,0
DA:55,0
DA:56,0
DA:62,0
DA:67,0
DA:74,0
DA:75,0
DA:76,0
DA:82,0
DA:86,0
DA:87,0
DA:88,0
DA:89,0
DA:93,0
DA:98,0
DA:99,0
DA:100,0
DA:101,0
DA:105,0
DA:106,0
DA:107,0
DA:108,0
DA:112,0
DA:117,0
DA:118,0
DA:119,0
DA:123,0
DA:128,0
DA:129,0
DA:133,0
DA:141,0
DA:142,0
DA:143,0
DA:149,0
LF:45
LH:0
end_of_record
SF:lib/modules/scroll_physic/extension/scroll_physics/no_scroll_physics.dart
DA:6,2
DA:8,0
DA:10,0
DA:13,0
DA:16,0
LF:5
LH:1
end_of_record
SF:lib/modules/scroll_physic/extension/scroll_physics/reversed_scroll_physics.dart
DA:5,2
DA:7,0
DA:9,0
DA:12,0
DA:14,0
LF:5
LH:1
end_of_record
SF:lib/modules/scroll_physic/extension/scroll_physics/rubber_band_scroll_physics.dart
DA:6,2
DA:9,0
DA:11,0
DA:13,0
DA:14,0
DA:15,0
DA:19,0
DA:22,0
DA:23,0
DA:27,0
DA:28,0
DA:32,0
DA:36,0
LF:13
LH:1
end_of_record
SF:lib/modules/scroll_physic/extension/scroll_physics/rubber_spring_back_physics.dart
DA:9,2
DA:12,0
DA:14,0
DA:16,0
DA:17,0
DA:18,0
DA:22,0
DA:24,0
DA:27,0
DA:28,0
DA:32,0
DA:33,0
DA:39,0
DA:41,0
DA:42,0
DA:45,0
DA:51,0
DA:53,0
DA:55,0
DA:58,0
DA:62,0
DA:63,0
DA:64,0
DA:66,0
DA:73,0
LF:25
LH:1
end_of_record
SF:lib/modules/scroll_physic/extension/scroll_physics/slow_down_scroll_physics.dart
DA:7,2
DA:9,0
DA:11,0
DA:14,0
DA:16,0
LF:5
LH:1
end_of_record
SF:lib/modules/scroll_physic/extension/scroll_physics/snapping_scroll_physics.dart
DA:8,0
DA:9,0
DA:10,0
DA:12,0
DA:15,0
DA:17,0
DA:19,0
DA:20,0
DA:21,0
DA:22,0
DA:23,0
DA:24,0
DA:27,0
LF:13
LH:0
end_of_record
SF:lib/modules/slider_vertical/tab_render_widget.dart
DA:6,4
DA:17,0
DA:19,0
DA:20,0
DA:21,0
DA:22,0
DA:26,0
DA:29,0
DA:30,0
DA:31,0
DA:34,0
DA:36,0
DA:37,0
DA:38,0
DA:39,0
DA:44,0
DA:52,0
DA:53,0
DA:54,0
DA:56,0
DA:57,0
DA:61,0
DA:62,0
DA:63,0
DA:64,0
DA:65,0
DA:68,0
DA:70,0
DA:71,0
DA:72,0
DA:73,0
DA:76,0
DA:78,0
DA:79,0
DA:80,0
DA:81,0
DA:84,0
DA:86,0
DA:87,0
DA:88,0
DA:89,0
DA:94,0
DA:97,0
DA:100,0
DA:101,0
DA:103,0
DA:104,0
DA:108,0
DA:111,0
DA:113,0
DA:114,0
DA:115,0
DA:119,0
DA:121,0
DA:124,0
DA:126,0
DA:127,0
DA:128,0
DA:129,0
DA:134,0
DA:136,0
DA:137,0
DA:141,0
DA:142,0
DA:143,0
DA:148,0
DA:151,0
DA:153,0
DA:154,0
DA:158,0
DA:159,0
DA:160,0
DA:163,0
DA:164,0
DA:165,0
DA:167,0
DA:168,0
DA:171,0
DA:172,0
DA:174,0
DA:175,0
DA:176,0
DA:178,0
DA:179,0
DA:180,0
DA:182,0
DA:183,0
DA:184,0
DA:186,0
DA:187,0
DA:188,0
DA:210,0
DA:212,0
DA:246,0
DA:249,0
DA:252,0
DA:254,0
DA:257,0
DA:258,0
DA:259,0
DA:262,0
DA:263,0
DA:264,0
DA:267,0
DA:268,0
DA:269,0
DA:274,0
DA:275,0
DA:276,0
DA:277,0
DA:278,0
DA:281,0
DA:282,0
DA:283,0
DA:284,0
DA:285,0
LF:116
LH:1
end_of_record
SF:lib/src/lib/story_router/dashed_circle.dart
DA:19,0
DA:26,0
DA:28,0
DA:29,0
DA:30,0
DA:31,0
DA:42,0
DA:48,0
DA:50,0
DA:51,0
DA:53,0
DA:54,0
DA:55,0
DA:56,0
DA:57,0
DA:59,0
DA:60,0
DA:64,0
DA:66,0
LF:19
LH:0
end_of_record
SF:lib/src/lib/story_router/story_button.dart
DA:19,0
DA:28,0
DA:29,0
DA:37,0
DA:39,0
DA:40,0
DA:43,0
DA:45,0
DA:46,0
DA:49,0
DA:51,0
DA:52,0
DA:56,0
DA:57,0
DA:58,0
DA:61,0
DA:62,0
DA:65,0
DA:66,0
DA:67,0
DA:71,0
DA:73,0
DA:76,0
DA:77,0
DA:78,0
DA:79,0
DA:80,0
DA:85,0
DA:87,0
DA:90,0
DA:91,0
DA:92,0
DA:93,0
DA:99,0
DA:101,0
DA:104,0
DA:105,0
DA:110,0
DA:111,0
DA:112,0
DA:114,0
DA:117,0
DA:119,0
DA:121,0
DA:122,0
DA:123,0
DA:124,0
DA:125,0
DA:126,0
DA:127,0
DA:128,0
DA:130,0
DA:131,0
DA:132,0
DA:133,0
DA:139,0
DA:140,0
DA:141,0
DA:144,0
DA:146,0
DA:148,0
DA:149,0
DA:151,0
DA:152,0
DA:153,0
DA:154,0
DA:155,0
DA:165,0
DA:166,0
DA:167,0
DA:170,0
DA:171,0
DA:172,0
DA:173,0
DA:174,0
DA:175,0
DA:176,0
DA:177,0
DA:178,0
DA:180,0
DA:181,0
DA:186,0
DA:192,0
DA:197,0
DA:199,0
DA:215,0
DA:224,0
DA:225,0
DA:226,0
DA:265,0
DA:266,0
DA:269,0
DA:270,0
DA:273,0
DA:274,0
DA:288,0
DA:335,0
DA:336,0
LF:98
LH:0
end_of_record
SF:lib/src/lib/story_router/story_page_transform.dart.dart
DA:28,0
DA:39,0
DA:47,2
DA:50,0
DA:52,0
DA:55,0
DA:63,0
DA:64,0
DA:66,0
DA:67,0
DA:68,0
DA:71,0
DA:72,0
DA:74,0
DA:75,0
DA:76,0
LF:16
LH:1
end_of_record
SF:lib/src/lib/story_router/story_page_container_view.dart
DA:15,0
DA:21,0
DA:23,0
DA:24,0
DA:34,0
DA:36,0
DA:37,0
DA:38,0
DA:39,0
DA:42,0
DA:44,0
DA:47,0
DA:48,0
DA:51,0
DA:52,0
DA:55,0
DA:56,0
DA:59,0
DA:60,0
DA:61,0
DA:63,0
DA:66,0
DA:68,0
DA:69,0
DA:71,0
DA:74,0
DA:76,0
DA:77,0
DA:78,0
DA:80,0
DA:83,0
DA:84,0
DA:88,0
DA:91,0
DA:94,0
DA:100,0
DA:105,0
DA:106,0
DA:114,0
DA:115,0
DA:116,0
DA:117,0
DA:118,0
DA:119,0
DA:120,0
DA:122,0
DA:123,0
DA:124,0
DA:129,0
DA:130,0
DA:133,0
DA:134,0
DA:135,0
DA:142,0
DA:145,0
DA:146,0
DA:149,0
DA:150,0
DA:153,0
DA:154,0
DA:155,0
DA:156,0
DA:157,0
DA:158,0
DA:160,0
DA:161,0
DA:162,0
DA:163,0
DA:164,0
DA:165,0
DA:166,0
DA:167,0
DA:168,0
DA:170,0
DA:172,0
DA:176,0
DA:178,0
DA:181,0
DA:182,0
DA:183,0
DA:184,0
DA:185,0
DA:187,0
DA:188,0
DA:189,0
DA:199,0
DA:201,0
DA:202,0
DA:203,0
DA:204,0
DA:207,0
DA:209,0
DA:211,0
DA:228,0
DA:229,0
DA:232,0
DA:233,0
DA:236,0
DA:237,0
DA:240,0
DA:241,0
DA:244,0
DA:245,0
DA:246,0
DA:250,0
DA:251,0
DA:254,0
DA:255,0
DA:258,0
DA:259,0
DA:262,0
DA:263,0
DA:266,0
DA:267,0
DA:270,0
DA:271,0
DA:279,0
DA:283,0
DA:285,0
DA:286,0
DA:296,0
DA:298,0
DA:299,0
DA:300,0
DA:304,0
DA:306,0
DA:307,0
DA:308,0
DA:309,0
DA:313,0
DA:314,0
DA:317,0
DA:318,0
DA:321,0
DA:322,0
DA:323,0
DA:324,0
DA:325,0
DA:326,0
DA:327,0
DA:329,0
DA:330,0
DA:331,0
DA:332,0
DA:333,0
DA:336,0
DA:340,0
DA:341,0
DA:342,0
DA:344,0
DA:345,0
DA:346,0
DA:349,0
DA:350,0
DA:351,0
DA:353,0
DA:354,0
DA:357,0
DA:358,0
DA:361,0
DA:362,0
DA:365,0
DA:366,0
DA:367,0
DA:368,0
DA:371,0
DA:374,0
DA:375,0
DA:378,0
DA:380,0
DA:381,0
DA:382,0
DA:383,0
DA:384,0
DA:385,0
DA:387,0
DA:388,0
DA:389,0
DA:390,0
DA:391,0
DA:395,0
DA:396,0
DA:397,0
DA:399,0
DA:400,0
DA:401,0
DA:402,0
DA:403,0
DA:407,0
DA:408,0
DA:411,0
DA:412,0
DA:415,0
DA:417,0
DA:418,0
DA:421,0
DA:423,0
DA:426,0
DA:427,0
DA:428,0
DA:429,0
DA:430,0
DA:431,0
DA:432,0
DA:433,0
DA:434,0
DA:450,0
DA:460,0
DA:462,0
DA:463,0
DA:464,0
DA:465,0
DA:466,0
DA:468,0
DA:469,0
DA:470,0
DA:471,0
DA:472,0
DA:474,0
DA:475,0
DA:477,0
DA:478,0
DA:479,0
DA:482,0
DA:483,0
DA:487,0
DA:494,0
DA:495,0
DA:496,0
DA:499,0
DA:500,0
DA:501,0
DA:502,0
DA:503,0
DA:505,0
DA:509,0
DA:512,0
DA:520,0
LF:238
LH:0
end_of_record
SF:lib/src/lib/story_router/story_list_view.dart
DA:20,0
DA:34,0
DA:36,0
DA:37,0
DA:43,0
DA:45,0
DA:48,0
DA:49,0
DA:50,0
DA:51,0
DA:53,0
DA:54,0
DA:55,0
DA:56,0
DA:57,0
DA:59,0
DA:64,0
DA:66,0
DA:67,0
DA:70,0
DA:72,0
DA:73,0
DA:74,0
DA:75,0
DA:78,0
DA:79,0
DA:80,0
DA:81,0
DA:82,0
DA:83,0
DA:85,0
DA:86,0
DA:87,0
DA:89,0
DA:90,0
DA:91,0
DA:92,0
DA:93,0
DA:94,0
DA:95,0
DA:96,0
DA:98,0
DA:99,0
DA:100,0
DA:103,0
DA:104,0
DA:105,0
DA:110,0
LF:48
LH:0
end_of_record
SF:lib/src/lib/tap_builder/src/mouse_cursor_builder.dart
DA:5,0
DA:11,0
DA:13,0
DA:14,0
LF:4
LH:0
end_of_record
SF:lib/src/lib/tap_builder/src/tap_builder_base.dart
DA:13,0
DA:28,0
DA:99,0
DA:101,0
DA:102,0
DA:105,0
DA:107,0
DA:108,0
DA:111,0
DA:113,0
DA:114,0
DA:117,0
DA:120,0
DA:131,0
DA:132,0
DA:133,0
DA:136,0
DA:137,0
DA:140,0
DA:141,0
DA:142,0
DA:143,0
DA:145,0
DA:146,0
DA:152,0
DA:153,0
DA:155,0
DA:156,0
DA:157,0
DA:158,0
DA:162,0
DA:163,0
DA:164,0
DA:168,0
DA:169,0
DA:172,0
DA:173,0
DA:176,0
DA:177,0
DA:178,0
DA:181,0
DA:182,0
DA:183,0
DA:184,0
DA:185,0
DA:187,0
DA:191,0
DA:192,0
DA:193,0
DA:194,0
DA:195,0
DA:201,0
DA:202,0
DA:203,0
DA:205,0
DA:207,0
DA:208,0
DA:214,0
DA:218,0
DA:221,0
DA:222,0
DA:223,0
DA:228,0
DA:229,0
DA:232,0
DA:234,0
DA:235,0
DA:236,0
DA:237,0
DA:242,0
DA:243,0
DA:244,0
DA:245,0
DA:250,0
DA:252,0
DA:254,0
DA:255,0
DA:256,0
DA:263,0
DA:264,0
DA:266,0
DA:267,0
DA:268,0
DA:269,0
DA:270,0
DA:271,0
DA:272,0
DA:273,0
DA:280,0
DA:282,0
DA:283,0
DA:286,0
DA:288,0
DA:289,0
DA:290,0
DA:291,0
DA:292,0
DA:293,0
DA:294,0
DA:295,0
DA:296,0
DA:297,0
DA:298,0
DA:299,0
DA:301,0
LF:105
LH:0
end_of_record
SF:lib/src/luxury_card_stack/lib/src/luxury_card_stack_view.dart
DA:16,0
DA:25,0
DA:26,0
DA:32,0
DA:34,0
DA:35,0
DA:38,0
DA:39,0
DA:41,0
DA:42,0
DA:43,0
DA:45,0
DA:47,0
DA:49,0
DA:51,0
DA:52,0
DA:53,0
DA:56,0
DA:57,0
DA:58,0
DA:59,0
DA:60,0
DA:68,0
DA:69,0
DA:71,0
DA:72,0
DA:73,0
DA:76,0
DA:79,0
DA:81,0
DA:82,0
DA:83,0
DA:85,0
DA:86,0
DA:87,0
DA:90,0
DA:91,0
DA:93,0
DA:96,0
DA:97,0
DA:99,0
DA:100,0
DA:102,0
DA:105,0
DA:106,0
DA:108,0
DA:111,0
DA:112,0
DA:113,0
DA:114,0
DA:116,0
DA:117,0
DA:118,0
DA:119,0
DA:120,0
DA:133,0
DA:138,0
DA:140,0
DA:141,0
DA:142,0
DA:143,0
DA:144,0
DA:145,0
DA:146,0
DA:150,0
LF:65
LH:0
end_of_record
SF:lib/src/luxury_card_stack/lib/src/luxury_card_controller.dart
DA:15,0
DA:16,0
DA:17,0
DA:18,0
DA:19,0
DA:22,0
DA:25,0
DA:26,0
DA:28,0
DA:29,0
DA:30,0
DA:32,0
DA:36,0
DA:37,0
DA:38,0
DA:41,0
DA:43,0
DA:44,0
DA:45,0
DA:48,0
DA:49,0
DA:55,0
DA:59,0
DA:62,0
DA:63,0
DA:69,0
DA:74,0
DA:77,0
DA:78,0
DA:81,0
DA:82,0
DA:83,0
DA:84,0
DA:86,0
DA:87,0
DA:88,0
DA:91,0
DA:93,0
DA:94,0
DA:95,0
LF:40
LH:0
end_of_record
SF:lib/src/luxury_card_stack/lib/src/luxury_card_item.dart
DA:7,0
LF:1
LH:0
end_of_record
SF:lib/src/luxury_card_stack/lib/src/luxury_card_widget.dart
DA:7,0
DA:9,0
DA:11,0
DA:13,0
DA:15,0
DA:17,0
DA:18,0
DA:20,0
DA:21,0
DA:22,0
DA:25,0
DA:29,0
DA:30,0
DA:31,0
DA:42,0
DA:44,0
DA:46,0
DA:47,0
DA:49,0
DA:53,0
DA:54,0
DA:55,0
DA:61,0
DA:64,0
DA:66,0
DA:69,0
DA:70,0
DA:76,0
DA:77,0
LF:29
LH:0
end_of_record
SF:lib/utils_helper/image_helper.dart
DA:15,0
DA:24,0
DA:25,0
DA:27,0
DA:37,0
DA:39,0
LF:6
LH:0
end_of_record
SF:lib/utils_helper/input_formatter/input_date_formatter.dart
DA:5,0
DA:7,0
DA:8,0
DA:9,0
DA:10,0
DA:11,0
DA:12,0
DA:13,0
DA:14,0
DA:15,0
DA:16,0
DA:17,0
DA:18,0
DA:19,0
DA:23,0
DA:24,0
DA:28,0
DA:29,0
DA:30,0
DA:31,0
DA:32,0
DA:36,0
DA:37,0
DA:41,0
DA:42,0
DA:43,0
DA:44,0
DA:45,0
DA:48,0
DA:49,0
DA:50,0
DA:51,0
DA:52,0
DA:56,0
DA:57,0
DA:58,0
DA:59,0
DA:60,0
DA:64,0
DA:65,0
DA:66,0
DA:67,0
DA:72,0
DA:73,0
DA:74,0
LF:45
LH:0
end_of_record
SF:lib/utils_helper/input_formatter/input_numerical_range_formatter.dart
DA:10,0
DA:13,0
DA:15,0
DA:16,0
DA:18,0
DA:19,0
DA:21,0
DA:22,0
DA:24,0
DA:34,0
DA:37,0
DA:39,0
DA:40,0
DA:42,0
DA:43,0
DA:45,0
DA:46,0
DA:48,0
DA:58,0
DA:61,0
DA:63,0
DA:64,0
DA:66,0
DA:67,0
DA:69,0
DA:70,0
DA:72,0
DA:78,0
DA:80,0
DA:82,0
DA:83,0
DA:85,0
LF:32
LH:0
end_of_record
SF:lib/utils_helper/input_formatter/text_formatter.dart
DA:6,0
DA:9,0
DA:11,0
DA:12,0
DA:14,0
DA:21,0
DA:24,0
DA:26,0
DA:27,0
DA:29,0
DA:38,0
DA:43,0
DA:45,0
DA:46,0
DA:47,0
DA:49,0
DA:55,0
DA:56,0
LF:18
LH:0
end_of_record
SF:lib/utils_helper/magic_number_test/magic_number_test.dart
DA:10,2
DA:12,0
DA:13,0
DA:15,0
DA:16,0
DA:17,0
DA:19,0
LF:7
LH:1
end_of_record
